This file contains any messages produced by compilers while
running configure, to aid debugging if configure makes a mistake.

It was created by configure, which was
generated by GNU Autoconf 2.59.  Invocation command line was

  $ ./configure --prefix=/home/zzy/src/jrtplib/src/jthread-1.2.1/_install --host=arm-none-linux-gnueabi

## --------- ##
## Platform. ##
## --------- ##

hostname = ubuntu
uname -m = x86_64
uname -r = 3.13.0-117-generic
uname -s = Linux
uname -v = #164~precise1-Ubuntu SMP Mon Apr 10 16:16:25 UTC 2017

/usr/bin/uname -p = unknown
/bin/uname -X     = unknown

/bin/arch              = unknown
/usr/bin/arch -k       = unknown
/usr/convex/getsysinfo = unknown
hostinfo               = unknown
/bin/machine           = unknown
/usr/bin/oslevel       = unknown
/bin/universe          = unknown

PATH: /usr/local/sbin
PATH: /usr/local/bin
PATH: /usr/sbin
PATH: /usr/bin
PATH: /sbin
PATH: /bin
PATH: /usr/games
PATH: /opt/cross/gcc446-uc0932rc3/usr/bin
PATH: /home/hp/X3/arm_toolchain/external-toolchain/bin


## ----------- ##
## Core tests. ##
## ----------- ##

configure:1536: checking for a BSD-compatible install
configure:1591: result: /usr/bin/install -c
configure:1602: checking whether build environment is sane
configure:1645: result: yes
configure:1710: checking for gawk
configure:1726: found /usr/bin/gawk
configure:1736: result: gawk
configure:1746: checking whether make sets $(MAKE)
configure:1766: result: yes
configure:1842: checking for arm-none-linux-gnueabi-strip
configure:1858: found /home/hp/X3/arm_toolchain/external-toolchain/bin/arm-none-linux-gnueabi-strip
configure:1868: result: arm-none-linux-gnueabi-strip
configure:2025: checking build system type
configure:2043: result: x86_64-unknown-linux-gnu
configure:2051: checking host system type
configure:2065: result: arm-none-linux-gnueabi
configure:2085: checking for style of include used by make
configure:2113: result: GNU
configure:2146: checking for arm-none-linux-gnueabi-gcc
configure:2162: found /home/hp/X3/arm_toolchain/external-toolchain/bin/arm-none-linux-gnueabi-gcc
configure:2172: result: arm-none-linux-gnueabi-gcc
configure:2454: checking for C compiler version
configure:2457: arm-none-linux-gnueabi-gcc --version </dev/null >&5
arm-none-linux-gnueabi-gcc (Sourcery G++ Lite 2010.09-50) 4.5.1
Copyright (C) 2010 Free Software Foundation, Inc.
This is free software; see the source for copying conditions.  There is NO
warranty; not even for MERCHANTABILITY or FITNESS FOR A PARTICULAR PURPOSE.

configure:2460: $? = 0
configure:2462: arm-none-linux-gnueabi-gcc -v </dev/null >&5
Using built-in specs.
COLLECT_GCC=arm-none-linux-gnueabi-gcc
COLLECT_LTO_WRAPPER=/home/hp/X3/arm_toolchain/external-toolchain/bin/../libexec/gcc/arm-none-linux-gnueabi/4.5.1/lto-wrapper
Target: arm-none-linux-gnueabi
Configured with: /scratch/nathan/arm-lite/src/gcc-4.5-2010.09/configure --build=i686-pc-linux-gnu --host=i686-pc-linux-gnu --target=arm-none-linux-gnueabi --enable-threads --disable-libmudflap --disable-libssp --disable-libstdcxx-pch --enable-extra-sgxxlite-multilibs --with-arch=armv5te --with-gnu-as --with-gnu-ld --with-specs='%{save-temps: -fverbose-asm} %{funwind-tables|fno-unwind-tables|mabi=*|ffreestanding|nostdlib:;:-funwind-tables} -D__CS_SOURCERYGXX_MAJ__=2010 -D__CS_SOURCERYGXX_MIN__=9 -D__CS_SOURCERYGXX_REV__=50 %{O2:%{!fno-remove-local-statics: -fremove-local-statics}} %{O*:%{O|O0|O1|O2|Os:;:%{!fno-remove-local-statics: -fremove-local-statics}}}' --enable-languages=c,c++ --enable-shared --enable-lto --enable-symvers=gnu --enable-__cxa_atexit --with-pkgversion='Sourcery G++ Lite 2010.09-50' --with-bugurl=https://support.codesourcery.com/GNUToolchain/ --disable-nls --prefix=/opt/codesourcery --with-sysroot=/opt/codesourcery/arm-none-linux-gnueabi/libc --with-build-sysroot=/scratch/nathan/arm-lite/install/arm-none-linux-gnueabi/libc --with-gmp=/scratch/nathan/arm-lite/obj/host-libs-2010.09-50-arm-none-linux-gnueabi-i686-pc-linux-gnu/usr --with-mpfr=/scratch/nathan/arm-lite/obj/host-libs-2010.09-50-arm-none-linux-gnueabi-i686-pc-linux-gnu/usr --with-mpc=/scratch/nathan/arm-lite/obj/host-libs-2010.09-50-arm-none-linux-gnueabi-i686-pc-linux-gnu/usr --with-ppl=/scratch/nathan/arm-lite/obj/host-libs-2010.09-50-arm-none-linux-gnueabi-i686-pc-linux-gnu/usr --with-host-libstdcxx='-static-libgcc -Wl,-Bstatic,-lstdc++,-Bdynamic -lm' --with-cloog=/scratch/nathan/arm-lite/obj/host-libs-2010.09-50-arm-none-linux-gnueabi-i686-pc-linux-gnu/usr --with-libelf=/scratch/nathan/arm-lite/obj/host-libs-2010.09-50-arm-none-linux-gnueabi-i686-pc-linux-gnu/usr --disable-libgomp --enable-poison-system-directories --with-build-time-tools=/scratch/nathan/arm-lite/install/arm-none-linux-gnueabi/bin --with-build-time-tools=/scratch/nathan/arm-lite/install/arm-none-linux-gnueabi/bin
Thread model: posix
gcc version 4.5.1 (Sourcery G++ Lite 2010.09-50) 
configure:2465: $? = 0
configure:2467: arm-none-linux-gnueabi-gcc -V </dev/null >&5
arm-none-linux-gnueabi-gcc: '-V' option must have argument
configure:2470: $? = 1
configure:2493: checking for C compiler default output file name
configure:2496: arm-none-linux-gnueabi-gcc    conftest.c  >&5
configure:2499: $? = 0
configure:2545: result: a.out
configure:2550: checking whether the C compiler works
configure:2556: ./a.out
./configure: line 2557: ./a.out: cannot execute binary file
configure:2559: $? = 126
configure:2576: result: yes
configure:2583: checking whether we are cross compiling
configure:2585: result: yes
configure:2588: checking for suffix of executables
configure:2590: arm-none-linux-gnueabi-gcc -o conftest    conftest.c  >&5
configure:2593: $? = 0
configure:2618: result: 
configure:2624: checking for suffix of object files
configure:2645: arm-none-linux-gnueabi-gcc -c   conftest.c >&5
configure:2648: $? = 0
configure:2670: result: o
configure:2674: checking whether we are using the GNU C compiler
configure:2698: arm-none-linux-gnueabi-gcc -c   conftest.c >&5
configure:2704: $? = 0
configure:2708: test -z 
			 || test ! -s conftest.err
configure:2711: $? = 0
configure:2714: test -s conftest.o
configure:2717: $? = 0
configure:2730: result: yes
configure:2736: checking whether arm-none-linux-gnueabi-gcc accepts -g
configure:2757: arm-none-linux-gnueabi-gcc -c -g  conftest.c >&5
configure:2763: $? = 0
configure:2767: test -z 
			 || test ! -s conftest.err
configure:2770: $? = 0
configure:2773: test -s conftest.o
configure:2776: $? = 0
configure:2787: result: yes
configure:2804: checking for arm-none-linux-gnueabi-gcc option to accept ANSI C
configure:2874: arm-none-linux-gnueabi-gcc  -c -g -O2  conftest.c >&5
configure:2880: $? = 0
configure:2884: test -z 
			 || test ! -s conftest.err
configure:2887: $? = 0
configure:2890: test -s conftest.o
configure:2893: $? = 0
configure:2911: result: none needed
configure:2929: arm-none-linux-gnueabi-gcc -c -g -O2  conftest.c >&5
conftest.c:2:9: error: expected '=', ',', ';', 'asm' or '__attribute__' before 'me'
configure:2935: $? = 1
configure: failed program was:
| #ifndef __cplusplus
|   choke me
| #endif
configure:3070: checking dependency style of arm-none-linux-gnueabi-gcc
configure:3160: result: gcc3
configure:3177: checking for a sed that does not truncate output
configure:3231: result: /bin/sed
configure:3234: checking for egrep
configure:3244: result: grep -E
configure:3260: checking for ld used by arm-none-linux-gnueabi-gcc
configure:3327: result: /home/hp/X3/arm_toolchain/external-toolchain/arm-none-linux-gnueabi/bin/ld
configure:3336: checking if the linker (/home/hp/X3/arm_toolchain/external-toolchain/arm-none-linux-gnueabi/bin/ld) is GNU ld
configure:3351: result: yes
configure:3356: checking for /home/hp/X3/arm_toolchain/external-toolchain/arm-none-linux-gnueabi/bin/ld option to reload object files
configure:3363: result: -r
configure:3381: checking for BSD-compatible nm
configure:3423: result: /home/hp/X3/arm_toolchain/external-toolchain/bin/arm-none-linux-gnueabi-nm -B
configure:3427: checking whether ln -s works
configure:3431: result: yes
configure:3438: checking how to recognise dependent libraries
configure:3610: result: pass_all
configure:3824: checking how to run the C preprocessor
configure:3859: arm-none-linux-gnueabi-gcc -E  conftest.c
configure:3865: $? = 0
configure:3897: arm-none-linux-gnueabi-gcc -E  conftest.c
conftest.c:11:28: fatal error: ac_nonexistent.h: No such file or directory
compilation terminated.
configure:3903: $? = 1
configure: failed program was:
| /* confdefs.h.  */
| 
| #define PACKAGE_NAME ""
| #define PACKAGE_TARNAME ""
| #define PACKAGE_VERSION ""
| #define PACKAGE_STRING ""
| #define PACKAGE_BUGREPORT ""
| #define PACKAGE "jthread"
| #define VERSION "1.2.1"
| /* end confdefs.h.  */
| #include <ac_nonexistent.h>
configure:3942: result: arm-none-linux-gnueabi-gcc -E
configure:3966: arm-none-linux-gnueabi-gcc -E  conftest.c
configure:3972: $? = 0
configure:4004: arm-none-linux-gnueabi-gcc -E  conftest.c
conftest.c:11:28: fatal error: ac_nonexistent.h: No such file or directory
compilation terminated.
configure:4010: $? = 1
configure: failed program was:
| /* confdefs.h.  */
| 
| #define PACKAGE_NAME ""
| #define PACKAGE_TARNAME ""
| #define PACKAGE_VERSION ""
| #define PACKAGE_STRING ""
| #define PACKAGE_BUGREPORT ""
| #define PACKAGE "jthread"
| #define VERSION "1.2.1"
| /* end confdefs.h.  */
| #include <ac_nonexistent.h>
configure:4054: checking for ANSI C header files
configure:4079: arm-none-linux-gnueabi-gcc -c -g -O2  conftest.c >&5
configure:4085: $? = 0
configure:4089: test -z 
			 || test ! -s conftest.err
configure:4092: $? = 0
configure:4095: test -s conftest.o
configure:4098: $? = 0
configure:4210: result: yes
configure:4234: checking for sys/types.h
configure:4250: arm-none-linux-gnueabi-gcc -c -g -O2  conftest.c >&5
configure:4256: $? = 0
configure:4260: test -z 
			 || test ! -s conftest.err
configure:4263: $? = 0
configure:4266: test -s conftest.o
configure:4269: $? = 0
configure:4280: result: yes
configure:4234: checking for sys/stat.h
configure:4250: arm-none-linux-gnueabi-gcc -c -g -O2  conftest.c >&5
configure:4256: $? = 0
configure:4260: test -z 
			 || test ! -s conftest.err
configure:4263: $? = 0
configure:4266: test -s conftest.o
configure:4269: $? = 0
configure:4280: result: yes
configure:4234: checking for stdlib.h
configure:4250: arm-none-linux-gnueabi-gcc -c -g -O2  conftest.c >&5
configure:4256: $? = 0
configure:4260: test -z 
			 || test ! -s conftest.err
configure:4263: $? = 0
configure:4266: test -s conftest.o
configure:4269: $? = 0
configure:4280: result: yes
configure:4234: checking for string.h
configure:4250: arm-none-linux-gnueabi-gcc -c -g -O2  conftest.c >&5
configure:4256: $? = 0
configure:4260: test -z 
			 || test ! -s conftest.err
configure:4263: $? = 0
configure:4266: test -s conftest.o
configure:4269: $? = 0
configure:4280: result: yes
configure:4234: checking for memory.h
configure:4250: arm-none-linux-gnueabi-gcc -c -g -O2  conftest.c >&5
configure:4256: $? = 0
configure:4260: test -z 
			 || test ! -s conftest.err
configure:4263: $? = 0
configure:4266: test -s conftest.o
configure:4269: $? = 0
configure:4280: result: yes
configure:4234: checking for strings.h
configure:4250: arm-none-linux-gnueabi-gcc -c -g -O2  conftest.c >&5
configure:4256: $? = 0
configure:4260: test -z 
			 || test ! -s conftest.err
configure:4263: $? = 0
configure:4266: test -s conftest.o
configure:4269: $? = 0
configure:4280: result: yes
configure:4234: checking for inttypes.h
configure:4250: arm-none-linux-gnueabi-gcc -c -g -O2  conftest.c >&5
configure:4256: $? = 0
configure:4260: test -z 
			 || test ! -s conftest.err
configure:4263: $? = 0
configure:4266: test -s conftest.o
configure:4269: $? = 0
configure:4280: result: yes
configure:4234: checking for stdint.h
configure:4250: arm-none-linux-gnueabi-gcc -c -g -O2  conftest.c >&5
configure:4256: $? = 0
configure:4260: test -z 
			 || test ! -s conftest.err
configure:4263: $? = 0
configure:4266: test -s conftest.o
configure:4269: $? = 0
configure:4280: result: yes
configure:4234: checking for unistd.h
configure:4250: arm-none-linux-gnueabi-gcc -c -g -O2  conftest.c >&5
configure:4256: $? = 0
configure:4260: test -z 
			 || test ! -s conftest.err
configure:4263: $? = 0
configure:4266: test -s conftest.o
configure:4269: $? = 0
configure:4280: result: yes
configure:4306: checking dlfcn.h usability
configure:4318: arm-none-linux-gnueabi-gcc -c -g -O2  conftest.c >&5
configure:4324: $? = 0
configure:4328: test -z 
			 || test ! -s conftest.err
configure:4331: $? = 0
configure:4334: test -s conftest.o
configure:4337: $? = 0
configure:4347: result: yes
configure:4351: checking dlfcn.h presence
configure:4361: arm-none-linux-gnueabi-gcc -E  conftest.c
configure:4367: $? = 0
configure:4387: result: yes
configure:4422: checking for dlfcn.h
configure:4429: result: yes
configure:4452: checking for arm-none-linux-gnueabi-g++
configure:4468: found /home/hp/X3/arm_toolchain/external-toolchain/bin/arm-none-linux-gnueabi-g++
configure:4478: result: arm-none-linux-gnueabi-g++
configure:4536: checking for C++ compiler version
configure:4539: arm-none-linux-gnueabi-g++ --version </dev/null >&5
arm-none-linux-gnueabi-g++ (Sourcery G++ Lite 2010.09-50) 4.5.1
Copyright (C) 2010 Free Software Foundation, Inc.
This is free software; see the source for copying conditions.  There is NO
warranty; not even for MERCHANTABILITY or FITNESS FOR A PARTICULAR PURPOSE.

configure:4542: $? = 0
configure:4544: arm-none-linux-gnueabi-g++ -v </dev/null >&5
Using built-in specs.
COLLECT_GCC=arm-none-linux-gnueabi-g++
COLLECT_LTO_WRAPPER=/home/hp/X3/arm_toolchain/external-toolchain/bin/../libexec/gcc/arm-none-linux-gnueabi/4.5.1/lto-wrapper
Target: arm-none-linux-gnueabi
Configured with: /scratch/nathan/arm-lite/src/gcc-4.5-2010.09/configure --build=i686-pc-linux-gnu --host=i686-pc-linux-gnu --target=arm-none-linux-gnueabi --enable-threads --disable-libmudflap --disable-libssp --disable-libstdcxx-pch --enable-extra-sgxxlite-multilibs --with-arch=armv5te --with-gnu-as --with-gnu-ld --with-specs='%{save-temps: -fverbose-asm} %{funwind-tables|fno-unwind-tables|mabi=*|ffreestanding|nostdlib:;:-funwind-tables} -D__CS_SOURCERYGXX_MAJ__=2010 -D__CS_SOURCERYGXX_MIN__=9 -D__CS_SOURCERYGXX_REV__=50 %{O2:%{!fno-remove-local-statics: -fremove-local-statics}} %{O*:%{O|O0|O1|O2|Os:;:%{!fno-remove-local-statics: -fremove-local-statics}}}' --enable-languages=c,c++ --enable-shared --enable-lto --enable-symvers=gnu --enable-__cxa_atexit --with-pkgversion='Sourcery G++ Lite 2010.09-50' --with-bugurl=https://support.codesourcery.com/GNUToolchain/ --disable-nls --prefix=/opt/codesourcery --with-sysroot=/opt/codesourcery/arm-none-linux-gnueabi/libc --with-build-sysroot=/scratch/nathan/arm-lite/install/arm-none-linux-gnueabi/libc --with-gmp=/scratch/nathan/arm-lite/obj/host-libs-2010.09-50-arm-none-linux-gnueabi-i686-pc-linux-gnu/usr --with-mpfr=/scratch/nathan/arm-lite/obj/host-libs-2010.09-50-arm-none-linux-gnueabi-i686-pc-linux-gnu/usr --with-mpc=/scratch/nathan/arm-lite/obj/host-libs-2010.09-50-arm-none-linux-gnueabi-i686-pc-linux-gnu/usr --with-ppl=/scratch/nathan/arm-lite/obj/host-libs-2010.09-50-arm-none-linux-gnueabi-i686-pc-linux-gnu/usr --with-host-libstdcxx='-static-libgcc -Wl,-Bstatic,-lstdc++,-Bdynamic -lm' --with-cloog=/scratch/nathan/arm-lite/obj/host-libs-2010.09-50-arm-none-linux-gnueabi-i686-pc-linux-gnu/usr --with-libelf=/scratch/nathan/arm-lite/obj/host-libs-2010.09-50-arm-none-linux-gnueabi-i686-pc-linux-gnu/usr --disable-libgomp --enable-poison-system-directories --with-build-time-tools=/scratch/nathan/arm-lite/install/arm-none-linux-gnueabi/bin --with-build-time-tools=/scratch/nathan/arm-lite/install/arm-none-linux-gnueabi/bin
Thread model: posix
gcc version 4.5.1 (Sourcery G++ Lite 2010.09-50) 
configure:4547: $? = 0
configure:4549: arm-none-linux-gnueabi-g++ -V </dev/null >&5
arm-none-linux-gnueabi-g++: '-V' option must have argument
configure:4552: $? = 1
configure:4555: checking whether we are using the GNU C++ compiler
configure:4579: arm-none-linux-gnueabi-g++ -c -O2   conftest.cc >&5
configure:4585: $? = 0
configure:4589: test -z 
			 || test ! -s conftest.err
configure:4592: $? = 0
configure:4595: test -s conftest.o
configure:4598: $? = 0
configure:4611: result: yes
configure:4617: checking whether arm-none-linux-gnueabi-g++ accepts -g
configure:4638: arm-none-linux-gnueabi-g++ -c -g  conftest.cc >&5
configure:4644: $? = 0
configure:4648: test -z 
			 || test ! -s conftest.err
configure:4651: $? = 0
configure:4654: test -s conftest.o
configure:4657: $? = 0
configure:4668: result: yes
configure:4710: arm-none-linux-gnueabi-g++ -c -O2   conftest.cc >&5
configure:4716: $? = 0
configure:4720: test -z 
			 || test ! -s conftest.err
configure:4723: $? = 0
configure:4726: test -s conftest.o
configure:4729: $? = 0
configure:4755: arm-none-linux-gnueabi-g++ -c -O2   conftest.cc >&5
conftest.cc: In function 'int main()':
conftest.cc:26:9: error: 'exit' was not declared in this scope
configure:4761: $? = 1
configure: failed program was:
| /* confdefs.h.  */
| 
| #define PACKAGE_NAME ""
| #define PACKAGE_TARNAME ""
| #define PACKAGE_VERSION ""
| #define PACKAGE_STRING ""
| #define PACKAGE_BUGREPORT ""
| #define PACKAGE "jthread"
| #define VERSION "1.2.1"
| #define STDC_HEADERS 1
| #define HAVE_SYS_TYPES_H 1
| #define HAVE_SYS_STAT_H 1
| #define HAVE_STDLIB_H 1
| #define HAVE_STRING_H 1
| #define HAVE_MEMORY_H 1
| #define HAVE_STRINGS_H 1
| #define HAVE_INTTYPES_H 1
| #define HAVE_STDINT_H 1
| #define HAVE_UNISTD_H 1
| #define HAVE_DLFCN_H 1
| /* end confdefs.h.  */
| 
| int
| main ()
| {
| exit (42);
|   ;
|   return 0;
| }
configure:4710: arm-none-linux-gnueabi-g++ -c -O2   conftest.cc >&5
conftest.cc:22:40: error: 'void std::exit(int)' should have been declared inside 'std'
configure:4716: $? = 1
configure: failed program was:
| /* confdefs.h.  */
| 
| #define PACKAGE_NAME ""
| #define PACKAGE_TARNAME ""
| #define PACKAGE_VERSION ""
| #define PACKAGE_STRING ""
| #define PACKAGE_BUGREPORT ""
| #define PACKAGE "jthread"
| #define VERSION "1.2.1"
| #define STDC_HEADERS 1
| #define HAVE_SYS_TYPES_H 1
| #define HAVE_SYS_STAT_H 1
| #define HAVE_STDLIB_H 1
| #define HAVE_STRING_H 1
| #define HAVE_MEMORY_H 1
| #define HAVE_STRINGS_H 1
| #define HAVE_INTTYPES_H 1
| #define HAVE_STDINT_H 1
| #define HAVE_UNISTD_H 1
| #define HAVE_DLFCN_H 1
| /* end confdefs.h.  */
| extern "C" void std::exit (int) throw (); using std::exit;
| #include <stdlib.h>
| int
| main ()
| {
| exit (42);
|   ;
|   return 0;
| }
configure:4710: arm-none-linux-gnueabi-g++ -c -O2   conftest.cc >&5
conftest.cc:22:31: error: 'void std::exit(int)' should have been declared inside 'std'
In file included from conftest.cc:23:0:
/home/hp/X3/arm_toolchain/external-toolchain/bin/../arm-none-linux-gnueabi/libc/usr/include/stdlib.h:543:70: error: declaration of 'void std::exit(int) throw ()' throws different exceptions
conftest.cc:22:17: error: from previous declaration 'void std::exit(int)'
configure:4716: $? = 1
configure: failed program was:
| /* confdefs.h.  */
| 
| #define PACKAGE_NAME ""
| #define PACKAGE_TARNAME ""
| #define PACKAGE_VERSION ""
| #define PACKAGE_STRING ""
| #define PACKAGE_BUGREPORT ""
| #define PACKAGE "jthread"
| #define VERSION "1.2.1"
| #define STDC_HEADERS 1
| #define HAVE_SYS_TYPES_H 1
| #define HAVE_SYS_STAT_H 1
| #define HAVE_STDLIB_H 1
| #define HAVE_STRING_H 1
| #define HAVE_MEMORY_H 1
| #define HAVE_STRINGS_H 1
| #define HAVE_INTTYPES_H 1
| #define HAVE_STDINT_H 1
| #define HAVE_UNISTD_H 1
| #define HAVE_DLFCN_H 1
| /* end confdefs.h.  */
| extern "C" void std::exit (int); using std::exit;
| #include <stdlib.h>
| int
| main ()
| {
| exit (42);
|   ;
|   return 0;
| }
configure:4710: arm-none-linux-gnueabi-g++ -c -O2   conftest.cc >&5
configure:4716: $? = 0
configure:4720: test -z 
			 || test ! -s conftest.err
configure:4723: $? = 0
configure:4726: test -s conftest.o
configure:4729: $? = 0
configure:4755: arm-none-linux-gnueabi-g++ -c -O2   conftest.cc >&5
configure:4761: $? = 0
configure:4765: test -z 
			 || test ! -s conftest.err
configure:4768: $? = 0
configure:4771: test -s conftest.o
configure:4774: $? = 0
configure:4799: checking dependency style of arm-none-linux-gnueabi-g++
configure:4889: result: gcc3
configure:4916: checking how to run the C++ preprocessor
configure:4947: arm-none-linux-gnueabi-g++ -E  conftest.cc
configure:4953: $? = 0
configure:4985: arm-none-linux-gnueabi-g++ -E  conftest.cc
conftest.cc:25:28: fatal error: ac_nonexistent.h: No such file or directory
compilation terminated.
configure:4991: $? = 1
configure: failed program was:
| /* confdefs.h.  */
| 
| #define PACKAGE_NAME ""
| #define PACKAGE_TARNAME ""
| #define PACKAGE_VERSION ""
| #define PACKAGE_STRING ""
| #define PACKAGE_BUGREPORT ""
| #define PACKAGE "jthread"
| #define VERSION "1.2.1"
| #define STDC_HEADERS 1
| #define HAVE_SYS_TYPES_H 1
| #define HAVE_SYS_STAT_H 1
| #define HAVE_STDLIB_H 1
| #define HAVE_STRING_H 1
| #define HAVE_MEMORY_H 1
| #define HAVE_STRINGS_H 1
| #define HAVE_INTTYPES_H 1
| #define HAVE_STDINT_H 1
| #define HAVE_UNISTD_H 1
| #define HAVE_DLFCN_H 1
| #ifdef __cplusplus
| extern "C" void exit (int) throw ();
| #endif
| /* end confdefs.h.  */
| #include <ac_nonexistent.h>
configure:5030: result: arm-none-linux-gnueabi-g++ -E
configure:5054: arm-none-linux-gnueabi-g++ -E  conftest.cc
configure:5060: $? = 0
configure:5092: arm-none-linux-gnueabi-g++ -E  conftest.cc
conftest.cc:25:28: fatal error: ac_nonexistent.h: No such file or directory
compilation terminated.
configure:5098: $? = 1
configure: failed program was:
| /* confdefs.h.  */
| 
| #define PACKAGE_NAME ""
| #define PACKAGE_TARNAME ""
| #define PACKAGE_VERSION ""
| #define PACKAGE_STRING ""
| #define PACKAGE_BUGREPORT ""
| #define PACKAGE "jthread"
| #define VERSION "1.2.1"
| #define STDC_HEADERS 1
| #define HAVE_SYS_TYPES_H 1
| #define HAVE_SYS_STAT_H 1
| #define HAVE_STDLIB_H 1
| #define HAVE_STRING_H 1
| #define HAVE_MEMORY_H 1
| #define HAVE_STRINGS_H 1
| #define HAVE_INTTYPES_H 1
| #define HAVE_STDINT_H 1
| #define HAVE_UNISTD_H 1
| #define HAVE_DLFCN_H 1
| #ifdef __cplusplus
| extern "C" void exit (int) throw ();
| #endif
| /* end confdefs.h.  */
| #include <ac_nonexistent.h>
configure:5153: checking for arm-none-linux-gnueabi-g77
configure:5182: result: no
configure:5153: checking for arm-none-linux-gnueabi-f77
configure:5182: result: no
configure:5153: checking for arm-none-linux-gnueabi-xlf
configure:5182: result: no
configure:5153: checking for arm-none-linux-gnueabi-frt
configure:5182: result: no
configure:5153: checking for arm-none-linux-gnueabi-pgf77
configure:5182: result: no
configure:5153: checking for arm-none-linux-gnueabi-fort77
configure:5182: result: no
configure:5153: checking for arm-none-linux-gnueabi-fl32
configure:5182: result: no
configure:5153: checking for arm-none-linux-gnueabi-af77
configure:5182: result: no
configure:5153: checking for arm-none-linux-gnueabi-f90
configure:5182: result: no
configure:5153: checking for arm-none-linux-gnueabi-xlf90
configure:5182: result: no
configure:5153: checking for arm-none-linux-gnueabi-pgf90
configure:5182: result: no
configure:5153: checking for arm-none-linux-gnueabi-epcf90
configure:5182: result: no
configure:5153: checking for arm-none-linux-gnueabi-f95
configure:5182: result: no
configure:5153: checking for arm-none-linux-gnueabi-fort
configure:5182: result: no
configure:5153: checking for arm-none-linux-gnueabi-xlf95
configure:5182: result: no
configure:5153: checking for arm-none-linux-gnueabi-ifc
configure:5182: result: no
configure:5153: checking for arm-none-linux-gnueabi-efc
configure:5182: result: no
configure:5153: checking for arm-none-linux-gnueabi-pgf95
configure:5182: result: no
configure:5153: checking for arm-none-linux-gnueabi-lf95
configure:5182: result: no
configure:5153: checking for arm-none-linux-gnueabi-gfortran
configure:5182: result: no
configure:5195: checking for g77
configure:5224: result: no
configure:5195: checking for f77
configure:5224: result: no
configure:5195: checking for xlf
configure:5224: result: no
configure:5195: checking for frt
configure:5224: result: no
configure:5195: checking for pgf77
configure:5224: result: no
configure:5195: checking for fort77
configure:5224: result: no
configure:5195: checking for fl32
configure:5224: result: no
configure:5195: checking for af77
configure:5224: result: no
configure:5195: checking for f90
configure:5224: result: no
configure:5195: checking for xlf90
configure:5224: result: no
configure:5195: checking for pgf90
configure:5224: result: no
configure:5195: checking for epcf90
configure:5224: result: no
configure:5195: checking for f95
configure:5224: result: no
configure:5195: checking for fort
configure:5224: result: no
configure:5195: checking for xlf95
configure:5224: result: no
configure:5195: checking for ifc
configure:5224: result: no
configure:5195: checking for efc
configure:5224: result: no
configure:5195: checking for pgf95
configure:5224: result: no
configure:5195: checking for lf95
configure:5224: result: no
configure:5195: checking for gfortran
configure:5224: result: no
configure:5236: checking for Fortran 77 compiler version
configure:5239:  --version </dev/null >&5
./configure: line 5240: --version: command not found
configure:5242: $? = 127
configure:5244:  -v </dev/null >&5
./configure: line 5245: -v: command not found
configure:5247: $? = 127
configure:5249:  -V </dev/null >&5
./configure: line 5250: -V: command not found
configure:5252: $? = 127
configure:5260: checking whether we are using the GNU Fortran 77 compiler
configure:5274:  -c  conftest.F >&5
./configure: line 5275: -c: command not found
configure:5280: $? = 127
configure: failed program was:
|       program main
| #ifndef __GNUC__
|        choke me
| #endif
| 
|       end
configure:5306: result: no
configure:5312: checking whether  accepts -g
configure:5324:  -c -g conftest.f >&5
./configure: line 5325: -c: command not found
configure:5330: $? = 127
configure: failed program was:
|       program main
| 
|       end
configure:5355: result: no
configure:5385: checking the maximum length of command line arguments
configure:5476: result: 32768
configure:5487: checking command to parse /home/hp/X3/arm_toolchain/external-toolchain/bin/arm-none-linux-gnueabi-nm -B output from arm-none-linux-gnueabi-gcc object
configure:5583: arm-none-linux-gnueabi-g++ -c -O2   conftest.cc >&5
configure:5586: $? = 0
configure:5590: /home/hp/X3/arm_toolchain/external-toolchain/bin/arm-none-linux-gnueabi-nm -B conftest.o \| sed -n -e 's/^.*[ 	]\([ABCDGIRSTW][ABCDGIRSTW]*\)[ 	][ 	]*\([_A-Za-z][_A-Za-z0-9]*\)$/\1 \2 \2/p' \> conftest.nm
configure:5593: $? = 0
configure:5645: arm-none-linux-gnueabi-g++ -o conftest -O2    conftest.cc conftstm.o >&5
configure:5648: $? = 0
configure:5686: result: ok
configure:5690: checking for objdir
configure:5705: result: .libs
configure:5757: checking for arm-none-linux-gnueabi-ar
configure:5773: found /home/hp/X3/arm_toolchain/external-toolchain/bin/arm-none-linux-gnueabi-ar
configure:5783: result: arm-none-linux-gnueabi-ar
configure:5837: checking for arm-none-linux-gnueabi-ranlib
configure:5853: found /home/hp/X3/arm_toolchain/external-toolchain/bin/arm-none-linux-gnueabi-ranlib
configure:5863: result: arm-none-linux-gnueabi-ranlib
configure:5917: checking for arm-none-linux-gnueabi-strip
configure:5943: result: arm-none-linux-gnueabi-strip
configure:6246: checking if arm-none-linux-gnueabi-gcc static flag  works
configure:6269: result: yes
configure:6287: checking if arm-none-linux-gnueabi-gcc supports -fno-rtti -fno-exceptions
configure:6305: arm-none-linux-gnueabi-gcc -c -g -O2  -fno-rtti -fno-exceptions conftest.c >&5
cc1: warning: command line option "-fno-rtti" is valid for C++/ObjC++ but not for C
configure:6309: $? = 0
configure:6320: result: no
configure:6335: checking for arm-none-linux-gnueabi-gcc option to produce PIC
configure:6534: result: -fPIC
configure:6542: checking if arm-none-linux-gnueabi-gcc PIC flag -fPIC works
configure:6560: arm-none-linux-gnueabi-gcc -c -g -O2  -fPIC -DPIC conftest.c >&5
configure:6564: $? = 0
configure:6575: result: yes
configure:6599: checking if arm-none-linux-gnueabi-gcc supports -c -o file.o
configure:6620: arm-none-linux-gnueabi-gcc -c -g -O2  -o out/conftest2.o conftest.c >&5
configure:6624: $? = 0
configure:6644: result: yes
configure:6670: checking whether the arm-none-linux-gnueabi-gcc linker (/home/hp/X3/arm_toolchain/external-toolchain/arm-none-linux-gnueabi/bin/ld) supports shared libraries
configure:7532: result: yes
configure:7558: checking whether -lc should be explicitly linked in
configure:7563: arm-none-linux-gnueabi-gcc -c -g -O2  conftest.c >&5
configure:7566: $? = 0
configure:7580: arm-none-linux-gnueabi-gcc -shared conftest.o  -v -Wl,-soname -Wl,conftest -o conftest 2\>\&1 \| grep  -lc  \>/dev/null 2\>\&1
configure:7583: $? = 0
configure:7595: result: no
configure:7603: checking dynamic linker characteristics
configure:8145: result: GNU/Linux ld.so
configure:8149: checking how to hardcode library paths into programs
configure:8174: result: immediate
configure:8188: checking whether stripping libraries is possible
configure:8193: result: yes
configure:9023: checking if libtool supports shared libraries
configure:9025: result: yes
configure:9028: checking whether to build shared libraries
configure:9049: result: yes
configure:9052: checking whether to build static libraries
configure:9056: result: yes
configure:9148: creating libtool
configure:9703: checking for ld used by arm-none-linux-gnueabi-g++
configure:9770: result: /home/hp/X3/arm_toolchain/external-toolchain/arm-none-linux-gnueabi/bin/ld
configure:9779: checking if the linker (/home/hp/X3/arm_toolchain/external-toolchain/arm-none-linux-gnueabi/bin/ld) is GNU ld
configure:9794: result: yes
configure:9845: checking whether the arm-none-linux-gnueabi-g++ linker (/home/hp/X3/arm_toolchain/external-toolchain/arm-none-linux-gnueabi/bin/ld) supports shared libraries
configure:10727: result: yes
configure:10745: arm-none-linux-gnueabi-g++ -c -O2   conftest.cc >&5
configure:10748: $? = 0
configure:10844: checking for arm-none-linux-gnueabi-g++ option to produce PIC
configure:11112: result: -fPIC
configure:11120: checking if arm-none-linux-gnueabi-g++ PIC flag -fPIC works
configure:11138: arm-none-linux-gnueabi-g++ -c -O2   -fPIC -DPIC conftest.cc >&5
configure:11142: $? = 0
configure:11153: result: yes
configure:11177: checking if arm-none-linux-gnueabi-g++ supports -c -o file.o
configure:11198: arm-none-linux-gnueabi-g++ -c -O2   -o out/conftest2.o conftest.cc >&5
configure:11202: $? = 0
configure:11222: result: yes
configure:11248: checking whether the arm-none-linux-gnueabi-g++ linker (/home/hp/X3/arm_toolchain/external-toolchain/arm-none-linux-gnueabi/bin/ld) supports shared libraries
configure:11273: result: yes
configure:11344: checking dynamic linker characteristics
configure:11886: result: GNU/Linux ld.so
configure:11890: checking how to hardcode library paths into programs
configure:11915: result: immediate
configure:11929: checking whether stripping libraries is possible
configure:11934: result: yes
configure:19419: creating ./config.status

## ---------------------- ##
## Running config.status. ##
## ---------------------- ##

This file was extended by config.status, which was
generated by GNU Autoconf 2.59.  Invocation command line was

  CONFIG_FILES    = 
  CONFIG_HEADERS  = 
  CONFIG_LINKS    = 
  CONFIG_COMMANDS = 
  $ ./config.status 

on ubuntu

config.status:711: creating Makefile
config.status:711: creating src/Makefile
config.status:711: creating doc/Makefile
config.status:711: creating pkgconfig/Makefile
config.status:711: creating pkgconfig/jthread.pc
config.status:711: creating pkgconfig/jthread-uninstalled.pc
config.status:894: executing depfiles commands

## ---------------- ##
## Cache variables. ##
## ---------------- ##

ac_cv_build=x86_64-unknown-linux-gnu
ac_cv_build_alias=x86_64-unknown-linux-gnu
ac_cv_c_compiler_gnu=yes
ac_cv_cxx_compiler_gnu=yes
ac_cv_env_CC_set=
ac_cv_env_CC_value=
ac_cv_env_CFLAGS_set=
ac_cv_env_CFLAGS_value=
ac_cv_env_CPPFLAGS_set=
ac_cv_env_CPPFLAGS_value=
ac_cv_env_CPP_set=
ac_cv_env_CPP_value=
ac_cv_env_CXXCPP_set=
ac_cv_env_CXXCPP_value=
ac_cv_env_CXXFLAGS_set=
ac_cv_env_CXXFLAGS_value=
ac_cv_env_CXX_set=
ac_cv_env_CXX_value=
ac_cv_env_F77_set=
ac_cv_env_F77_value=
ac_cv_env_FFLAGS_set=
ac_cv_env_FFLAGS_value=
ac_cv_env_LDFLAGS_set=
ac_cv_env_LDFLAGS_value=
ac_cv_env_build_alias_set=
ac_cv_env_build_alias_value=
ac_cv_env_host_alias_set=set
ac_cv_env_host_alias_value=arm-none-linux-gnueabi
ac_cv_env_target_alias_set=
ac_cv_env_target_alias_value=
ac_cv_exeext=
ac_cv_f77_compiler_gnu=no
ac_cv_header_dlfcn_h=yes
ac_cv_header_inttypes_h=yes
ac_cv_header_memory_h=yes
ac_cv_header_stdc=yes
ac_cv_header_stdint_h=yes
ac_cv_header_stdlib_h=yes
ac_cv_header_string_h=yes
ac_cv_header_strings_h=yes
ac_cv_header_sys_stat_h=yes
ac_cv_header_sys_types_h=yes
ac_cv_header_unistd_h=yes
ac_cv_host=arm-none-linux-gnueabi
ac_cv_host_alias=arm-none-linux-gnueabi
ac_cv_objext=o
ac_cv_path_install='/usr/bin/install -c'
ac_cv_prog_AR=arm-none-linux-gnueabi-ar
ac_cv_prog_AWK=gawk
ac_cv_prog_CC=arm-none-linux-gnueabi-gcc
ac_cv_prog_CPP='arm-none-linux-gnueabi-gcc -E'
ac_cv_prog_CXX=arm-none-linux-gnueabi-g++
ac_cv_prog_CXXCPP='arm-none-linux-gnueabi-g++ -E'
ac_cv_prog_RANLIB=arm-none-linux-gnueabi-ranlib
ac_cv_prog_STRIP=arm-none-linux-gnueabi-strip
ac_cv_prog_cc_g=yes
ac_cv_prog_cc_stdc=
ac_cv_prog_cxx_g=yes
ac_cv_prog_egrep='grep -E'
ac_cv_prog_f77_g=no
ac_cv_prog_make_make_set=yes
am_cv_CC_dependencies_compiler_type=gcc3
am_cv_CXX_dependencies_compiler_type=gcc3
lt_cv_deplibs_check_method=pass_all
lt_cv_file_magic_cmd='$MAGIC_CMD'
lt_cv_file_magic_test_file=
lt_cv_ld_reload_flag=-r
lt_cv_objdir=.libs
lt_cv_path_LD=/home/hp/X3/arm_toolchain/external-toolchain/arm-none-linux-gnueabi/bin/ld
lt_cv_path_LDCXX=/home/hp/X3/arm_toolchain/external-toolchain/arm-none-linux-gnueabi/bin/ld
lt_cv_path_NM='/home/hp/X3/arm_toolchain/external-toolchain/bin/arm-none-linux-gnueabi-nm -B'
lt_cv_path_SED=/bin/sed
lt_cv_prog_compiler_c_o=yes
lt_cv_prog_compiler_c_o_CXX=yes
lt_cv_prog_compiler_rtti_exceptions=no
lt_cv_prog_gnu_ld=yes
lt_cv_prog_gnu_ldcxx=yes
lt_cv_sys_global_symbol_pipe='sed -n -e '\''s/^.*[ 	]\([ABCDGIRSTW][ABCDGIRSTW]*\)[ 	][ 	]*\([_A-Za-z][_A-Za-z0-9]*\)$/\1 \2 \2/p'\'''
lt_cv_sys_global_symbol_to_c_name_address='sed -n -e '\''s/^: \([^ ]*\) $/  {\"\1\", (lt_ptr) 0},/p'\'' -e '\''s/^[BCDEGRST] \([^ ]*\) \([^ ]*\)$/  {"\2", (lt_ptr) \&\2},/p'\'''
lt_cv_sys_global_symbol_to_cdecl='sed -n -e '\''s/^. .* \(.*\)$/extern int \1;/p'\'''
lt_cv_sys_max_cmd_len=32768
lt_lt_cv_prog_compiler_c_o='"yes"'
lt_lt_cv_prog_compiler_c_o_CXX='"yes"'
lt_lt_cv_sys_global_symbol_pipe='"sed -n -e '\''s/^.*[ 	]\\([ABCDGIRSTW][ABCDGIRSTW]*\\)[ 	][ 	]*\\([_A-Za-z][_A-Za-z0-9]*\\)\$/\\1 \\2 \\2/p'\''"'
lt_lt_cv_sys_global_symbol_to_c_name_address='"sed -n -e '\''s/^: \\([^ ]*\\) \$/  {\\\"\\1\\\", (lt_ptr) 0},/p'\'' -e '\''s/^[BCDEGRST] \\([^ ]*\\) \\([^ ]*\\)\$/  {\"\\2\", (lt_ptr) \\&\\2},/p'\''"'
lt_lt_cv_sys_global_symbol_to_cdecl='"sed -n -e '\''s/^. .* \\(.*\\)\$/extern int \\1;/p'\''"'

## ----------------- ##
## Output variables. ##
## ----------------- ##

ACLOCAL='${SHELL} /home/zzy/src/jrtplib/src/jthread-1.2.1/missing --run aclocal-1.9'
AMDEPBACKSLASH='\'
AMDEP_FALSE='#'
AMDEP_TRUE=''
AMTAR='${SHELL} /home/zzy/src/jrtplib/src/jthread-1.2.1/missing --run tar'
AR='arm-none-linux-gnueabi-ar'
AUTOCONF='${SHELL} /home/zzy/src/jrtplib/src/jthread-1.2.1/missing --run autoconf'
AUTOHEADER='${SHELL} /home/zzy/src/jrtplib/src/jthread-1.2.1/missing --run autoheader'
AUTOMAKE='${SHELL} /home/zzy/src/jrtplib/src/jthread-1.2.1/missing --run automake-1.9'
AWK='gawk'
CC='arm-none-linux-gnueabi-gcc'
CCDEPMODE='depmode=gcc3'
CFLAGS='-g -O2'
CPP='arm-none-linux-gnueabi-gcc -E'
CPPFLAGS=''
CXX='arm-none-linux-gnueabi-g++'
CXXCPP='arm-none-linux-gnueabi-g++ -E'
CXXDEPMODE='depmode=gcc3'
CXXFLAGS='-O2 '
CYGPATH_W='echo'
DEFS='-DPACKAGE_NAME=\"\" -DPACKAGE_TARNAME=\"\" -DPACKAGE_VERSION=\"\" -DPACKAGE_STRING=\"\" -DPACKAGE_BUGREPORT=\"\" -DPACKAGE=\"jthread\" -DVERSION=\"1.2.1\" -DSTDC_HEADERS=1 -DHAVE_SYS_TYPES_H=1 -DHAVE_SYS_STAT_H=1 -DHAVE_STDLIB_H=1 -DHAVE_STRING_H=1 -DHAVE_MEMORY_H=1 -DHAVE_STRINGS_H=1 -DHAVE_INTTYPES_H=1 -DHAVE_STDINT_H=1 -DHAVE_UNISTD_H=1 -DHAVE_DLFCN_H=1 '
DEPDIR='.deps'
ECHO='echo'
ECHO_C=''
ECHO_N='-n'
ECHO_T=''
EGREP='grep -E'
EXEEXT=''
F77=''
FFLAGS=''
INSTALL_DATA='${INSTALL} -m 644'
INSTALL_PROGRAM='${INSTALL}'
INSTALL_SCRIPT='${INSTALL}'
INSTALL_STRIP_PROGRAM='${SHELL} $(install_sh) -c -s'
LDFLAGS=''
LIBOBJS=''
LIBS=''
LIBTOOL='$(SHELL) $(top_builddir)/libtool'
LN_S='ln -s'
LTLIBOBJS=''
MAKEINFO='${SHELL} /home/zzy/src/jrtplib/src/jthread-1.2.1/missing --run makeinfo'
OBJEXT='o'
PACKAGE='jthread'
PACKAGE_BUGREPORT=''
PACKAGE_NAME=''
PACKAGE_STRING=''
PACKAGE_TARNAME=''
PACKAGE_VERSION=''
PATH_SEPARATOR=':'
RANLIB='arm-none-linux-gnueabi-ranlib'
SET_MAKE=''
SHELL='/bin/bash'
STRIP='arm-none-linux-gnueabi-strip'
VERSION='1.2.1'
ac_ct_AR=''
ac_ct_CC=''
ac_ct_CXX=''
ac_ct_F77=''
ac_ct_RANLIB=''
ac_ct_STRIP=''
am__fastdepCC_FALSE='#'
am__fastdepCC_TRUE=''
am__fastdepCXX_FALSE='#'
am__fastdepCXX_TRUE=''
am__include='include'
am__leading_dot='.'
am__quote=''
am__tar='${AMTAR} chof - "$$tardir"'
am__untar='${AMTAR} xf -'
bindir='${exec_prefix}/bin'
build='x86_64-unknown-linux-gnu'
build_alias=''
build_cpu='x86_64'
build_os='linux-gnu'
build_vendor='unknown'
datadir='${prefix}/share'
exec_prefix='${prefix}'
host='arm-none-linux-gnueabi'
host_alias='arm-none-linux-gnueabi'
host_cpu='arm'
host_os='linux-gnueabi'
host_vendor='none'
includedir='${prefix}/include'
infodir='${prefix}/info'
install_sh='/home/zzy/src/jrtplib/src/jthread-1.2.1/install-sh'
libdir='${exec_prefix}/lib'
libexecdir='${exec_prefix}/libexec'
localstatedir='${prefix}/var'
mandir='${prefix}/man'
mkdir_p='mkdir -p --'
oldincludedir='/usr/include'
prefix='/home/zzy/src/jrtplib/src/jthread-1.2.1/_install'
program_transform_name='s,x,x,'
sbindir='${exec_prefix}/sbin'
sharedstatedir='${prefix}/com'
sysconfdir='${prefix}/etc'
target_alias=''

## ----------- ##
## confdefs.h. ##
## ----------- ##

#define HAVE_DLFCN_H 1
#define HAVE_INTTYPES_H 1
#define HAVE_MEMORY_H 1
#define HAVE_STDINT_H 1
#define HAVE_STDLIB_H 1
#define HAVE_STRINGS_H 1
#define HAVE_STRING_H 1
#define HAVE_SYS_STAT_H 1
#define HAVE_SYS_TYPES_H 1
#define HAVE_UNISTD_H 1
#define PACKAGE "jthread"
#define PACKAGE_BUGREPORT ""
#define PACKAGE_NAME ""
#define PACKAGE_STRING ""
#define PACKAGE_TARNAME ""
#define PACKAGE_VERSION ""
#define STDC_HEADERS 1
#define VERSION "1.2.1"
#endif
#ifdef __cplusplus
extern "C" void exit (int) throw ();

configure: exit 0

## ---------------------- ##
## Running config.status. ##
## ---------------------- ##

This file was extended by config.status, which was
generated by GNU Autoconf 2.59.  Invocation command line was

  CONFIG_FILES    = 
  CONFIG_HEADERS  = 
  CONFIG_LINKS    = 
  CONFIG_COMMANDS = 
  $ ./config.status pkgconfig/jthread.pc

on ubuntu

config.status:711: creating pkgconfig/jthread.pc

## ---------------------- ##
## Running config.status. ##
## ---------------------- ##

This file was extended by config.status, which was
generated by GNU Autoconf 2.59.  Invocation command line was

  CONFIG_FILES    = 
  CONFIG_HEADERS  = 
  CONFIG_LINKS    = 
  CONFIG_COMMANDS = 
  $ ./config.status pkgconfig/jthread-uninstalled.pc

on ubuntu

config.status:711: creating pkgconfig/jthread-uninstalled.pc
