This file contains any messages produced by compilers while
running configure, to aid debugging if configure makes a mistake.

It was created by configure, which was
generated by GNU Autoconf 2.60.  Invocation command line was

  $ ./configure --prefix=/home/zzy/src/jrtplib/src/jrtplib-3.7.1/_install --host=arm-none-linux-gnueabi --with-jthread-includes=/home/zzy/src/jrtplib/src/jthread-1.2.1/_install/include/jthread LDFLAGS=-L/home/zzy/src/jrtplib/src/jthread-1.2.1/_install/lib --libdir=/home/zzy/src/jrtplib/src/jthread-1.2.1/_install/lib

## --------- ##
## Platform. ##
## --------- ##

hostname = ubuntu
uname -m = x86_64
uname -r = 3.13.0-117-generic
uname -s = Linux
uname -v = #164~precise1-Ubuntu SMP Mon Apr 10 16:16:25 UTC 2017

/usr/bin/uname -p = unknown
/bin/uname -X     = unknown

/bin/arch              = unknown
/usr/bin/arch -k       = unknown
/usr/convex/getsysinfo = unknown
/usr/bin/hostinfo      = unknown
/bin/machine           = unknown
/usr/bin/oslevel       = unknown
/bin/universe          = unknown

PATH: /usr/local/sbin
PATH: /usr/local/bin
PATH: /usr/sbin
PATH: /usr/bin
PATH: /sbin
PATH: /bin
PATH: /usr/games
PATH: /opt/cross/gcc446-uc0932rc3/usr/bin
PATH: /home/hp/X3/arm_toolchain/external-toolchain/bin


## ----------- ##
## Core tests. ##
## ----------- ##

configure:1973: checking for a BSD-compatible install
configure:2029: result: /usr/bin/install -c
configure:2040: checking whether build environment is sane
configure:2083: result: yes
configure:2148: checking for gawk
configure:2164: found /usr/bin/gawk
configure:2175: result: gawk
configure:2186: checking whether make sets $(MAKE)
configure:2207: result: yes
configure:2283: checking for arm-none-linux-gnueabi-strip
configure:2299: found /home/hp/X3/arm_toolchain/external-toolchain/bin/arm-none-linux-gnueabi-strip
configure:2310: result: arm-none-linux-gnueabi-strip
configure:2503: checking build system type
configure:2521: result: x86_64-unknown-linux-gnu
configure:2543: checking host system type
configure:2558: result: arm-none-linux-gnueabi
configure:2592: checking for style of include used by make
configure:2620: result: GNU
configure:2653: checking for arm-none-linux-gnueabi-gcc
configure:2669: found /home/hp/X3/arm_toolchain/external-toolchain/bin/arm-none-linux-gnueabi-gcc
configure:2680: result: arm-none-linux-gnueabi-gcc
configure:2958: checking for C compiler version
configure:2965: arm-none-linux-gnueabi-gcc --version >&5
arm-none-linux-gnueabi-gcc (Sourcery G++ Lite 2010.09-50) 4.5.1
Copyright (C) 2010 Free Software Foundation, Inc.
This is free software; see the source for copying conditions.  There is NO
warranty; not even for MERCHANTABILITY or FITNESS FOR A PARTICULAR PURPOSE.

configure:2968: $? = 0
configure:2975: arm-none-linux-gnueabi-gcc -v >&5
Using built-in specs.
COLLECT_GCC=arm-none-linux-gnueabi-gcc
COLLECT_LTO_WRAPPER=/home/hp/X3/arm_toolchain/external-toolchain/bin/../libexec/gcc/arm-none-linux-gnueabi/4.5.1/lto-wrapper
Target: arm-none-linux-gnueabi
Configured with: /scratch/nathan/arm-lite/src/gcc-4.5-2010.09/configure --build=i686-pc-linux-gnu --host=i686-pc-linux-gnu --target=arm-none-linux-gnueabi --enable-threads --disable-libmudflap --disable-libssp --disable-libstdcxx-pch --enable-extra-sgxxlite-multilibs --with-arch=armv5te --with-gnu-as --with-gnu-ld --with-specs='%{save-temps: -fverbose-asm} %{funwind-tables|fno-unwind-tables|mabi=*|ffreestanding|nostdlib:;:-funwind-tables} -D__CS_SOURCERYGXX_MAJ__=2010 -D__CS_SOURCERYGXX_MIN__=9 -D__CS_SOURCERYGXX_REV__=50 %{O2:%{!fno-remove-local-statics: -fremove-local-statics}} %{O*:%{O|O0|O1|O2|Os:;:%{!fno-remove-local-statics: -fremove-local-statics}}}' --enable-languages=c,c++ --enable-shared --enable-lto --enable-symvers=gnu --enable-__cxa_atexit --with-pkgversion='Sourcery G++ Lite 2010.09-50' --with-bugurl=https://support.codesourcery.com/GNUToolchain/ --disable-nls --prefix=/opt/codesourcery --with-sysroot=/opt/codesourcery/arm-none-linux-gnueabi/libc --with-build-sysroot=/scratch/nathan/arm-lite/install/arm-none-linux-gnueabi/libc --with-gmp=/scratch/nathan/arm-lite/obj/host-libs-2010.09-50-arm-none-linux-gnueabi-i686-pc-linux-gnu/usr --with-mpfr=/scratch/nathan/arm-lite/obj/host-libs-2010.09-50-arm-none-linux-gnueabi-i686-pc-linux-gnu/usr --with-mpc=/scratch/nathan/arm-lite/obj/host-libs-2010.09-50-arm-none-linux-gnueabi-i686-pc-linux-gnu/usr --with-ppl=/scratch/nathan/arm-lite/obj/host-libs-2010.09-50-arm-none-linux-gnueabi-i686-pc-linux-gnu/usr --with-host-libstdcxx='-static-libgcc -Wl,-Bstatic,-lstdc++,-Bdynamic -lm' --with-cloog=/scratch/nathan/arm-lite/obj/host-libs-2010.09-50-arm-none-linux-gnueabi-i686-pc-linux-gnu/usr --with-libelf=/scratch/nathan/arm-lite/obj/host-libs-2010.09-50-arm-none-linux-gnueabi-i686-pc-linux-gnu/usr --disable-libgomp --enable-poison-system-directories --with-build-time-tools=/scratch/nathan/arm-lite/install/arm-none-linux-gnueabi/bin --with-build-time-tools=/scratch/nathan/arm-lite/install/arm-none-linux-gnueabi/bin
Thread model: posix
gcc version 4.5.1 (Sourcery G++ Lite 2010.09-50) 
configure:2978: $? = 0
configure:2985: arm-none-linux-gnueabi-gcc -V >&5
arm-none-linux-gnueabi-gcc: '-V' option must have argument
configure:2988: $? = 1
configure:3011: checking for C compiler default output file name
configure:3038: arm-none-linux-gnueabi-gcc   -L/home/zzy/src/jrtplib/src/jthread-1.2.1/_install/lib conftest.c  >&5
configure:3041: $? = 0
configure:3087: result: a.out
configure:3092: checking whether the C compiler works
configure:3102: ./a.out
./configure: line 3103: ./a.out: cannot execute binary file
configure:3105: $? = 126
configure:3122: result: yes
configure:3129: checking whether we are cross compiling
configure:3131: result: yes
configure:3134: checking for suffix of executables
configure:3141: arm-none-linux-gnueabi-gcc -o conftest   -L/home/zzy/src/jrtplib/src/jthread-1.2.1/_install/lib conftest.c  >&5
configure:3144: $? = 0
configure:3168: result: 
configure:3174: checking for suffix of object files
configure:3200: arm-none-linux-gnueabi-gcc -c   conftest.c >&5
configure:3203: $? = 0
configure:3226: result: o
configure:3230: checking whether we are using the GNU C compiler
configure:3259: arm-none-linux-gnueabi-gcc -c   conftest.c >&5
configure:3265: $? = 0
configure:3272: test -z "$ac_c_werror_flag" || test ! -s conftest.err
configure:3275: $? = 0
configure:3282: test -s conftest.o
configure:3285: $? = 0
configure:3299: result: yes
configure:3304: checking whether arm-none-linux-gnueabi-gcc accepts -g
configure:3334: arm-none-linux-gnueabi-gcc -c -g  conftest.c >&5
configure:3340: $? = 0
configure:3347: test -z "$ac_c_werror_flag" || test ! -s conftest.err
configure:3350: $? = 0
configure:3357: test -s conftest.o
configure:3360: $? = 0
configure:3490: result: yes
configure:3507: checking for arm-none-linux-gnueabi-gcc option to accept ISO C89
configure:3581: arm-none-linux-gnueabi-gcc  -c -g -O2  conftest.c >&5
configure:3587: $? = 0
configure:3594: test -z "$ac_c_werror_flag" || test ! -s conftest.err
configure:3597: $? = 0
configure:3604: test -s conftest.o
configure:3607: $? = 0
configure:3627: result: none needed
configure:3647: checking dependency style of arm-none-linux-gnueabi-gcc
configure:3737: result: gcc3
configure:3754: checking for a sed that does not truncate output
configure:3808: result: /bin/sed
configure:3811: checking for grep that handles long lines and -e
configure:3885: result: /bin/grep
configure:3890: checking for egrep
configure:3968: result: /bin/grep -E
configure:3984: checking for ld used by arm-none-linux-gnueabi-gcc
configure:4051: result: /home/hp/X3/arm_toolchain/external-toolchain/arm-none-linux-gnueabi/bin/ld
configure:4060: checking if the linker (/home/hp/X3/arm_toolchain/external-toolchain/arm-none-linux-gnueabi/bin/ld) is GNU ld
configure:4075: result: yes
configure:4080: checking for /home/hp/X3/arm_toolchain/external-toolchain/arm-none-linux-gnueabi/bin/ld option to reload object files
configure:4087: result: -r
configure:4105: checking for BSD-compatible nm
configure:4154: result: /home/hp/X3/arm_toolchain/external-toolchain/bin/arm-none-linux-gnueabi-nm -B
configure:4158: checking whether ln -s works
configure:4162: result: yes
configure:4169: checking how to recognise dependent libraries
configure:4345: result: pass_all
configure:4595: checking how to run the C preprocessor
configure:4635: arm-none-linux-gnueabi-gcc -E  conftest.c
configure:4641: $? = 0
configure:4679: arm-none-linux-gnueabi-gcc -E  conftest.c
conftest.c:10:28: fatal error: ac_nonexistent.h: No such file or directory
compilation terminated.
configure:4685: $? = 1
configure: failed program was:
| /* confdefs.h.  */
| #define PACKAGE_NAME ""
| #define PACKAGE_TARNAME ""
| #define PACKAGE_VERSION ""
| #define PACKAGE_STRING ""
| #define PACKAGE_BUGREPORT ""
| #define PACKAGE "jrtplib"
| #define VERSION "3.7.1"
| /* end confdefs.h.  */
| #include <ac_nonexistent.h>
configure:4725: result: arm-none-linux-gnueabi-gcc -E
configure:4754: arm-none-linux-gnueabi-gcc -E  conftest.c
configure:4760: $? = 0
configure:4798: arm-none-linux-gnueabi-gcc -E  conftest.c
conftest.c:10:28: fatal error: ac_nonexistent.h: No such file or directory
compilation terminated.
configure:4804: $? = 1
configure: failed program was:
| /* confdefs.h.  */
| #define PACKAGE_NAME ""
| #define PACKAGE_TARNAME ""
| #define PACKAGE_VERSION ""
| #define PACKAGE_STRING ""
| #define PACKAGE_BUGREPORT ""
| #define PACKAGE "jrtplib"
| #define VERSION "3.7.1"
| /* end confdefs.h.  */
| #include <ac_nonexistent.h>
configure:4849: checking for ANSI C header files
configure:4879: arm-none-linux-gnueabi-gcc -c -g -O2  conftest.c >&5
configure:4885: $? = 0
configure:4892: test -z "$ac_c_werror_flag" || test ! -s conftest.err
configure:4895: $? = 0
configure:4902: test -s conftest.o
configure:4905: $? = 0
configure:5030: result: yes
configure:5054: checking for sys/types.h
configure:5075: arm-none-linux-gnueabi-gcc -c -g -O2  conftest.c >&5
configure:5081: $? = 0
configure:5088: test -z "$ac_c_werror_flag" || test ! -s conftest.err
configure:5091: $? = 0
configure:5098: test -s conftest.o
configure:5101: $? = 0
configure:5114: result: yes
configure:5054: checking for sys/stat.h
configure:5075: arm-none-linux-gnueabi-gcc -c -g -O2  conftest.c >&5
configure:5081: $? = 0
configure:5088: test -z "$ac_c_werror_flag" || test ! -s conftest.err
configure:5091: $? = 0
configure:5098: test -s conftest.o
configure:5101: $? = 0
configure:5114: result: yes
configure:5054: checking for stdlib.h
configure:5075: arm-none-linux-gnueabi-gcc -c -g -O2  conftest.c >&5
configure:5081: $? = 0
configure:5088: test -z "$ac_c_werror_flag" || test ! -s conftest.err
configure:5091: $? = 0
configure:5098: test -s conftest.o
configure:5101: $? = 0
configure:5114: result: yes
configure:5054: checking for string.h
configure:5075: arm-none-linux-gnueabi-gcc -c -g -O2  conftest.c >&5
configure:5081: $? = 0
configure:5088: test -z "$ac_c_werror_flag" || test ! -s conftest.err
configure:5091: $? = 0
configure:5098: test -s conftest.o
configure:5101: $? = 0
configure:5114: result: yes
configure:5054: checking for memory.h
configure:5075: arm-none-linux-gnueabi-gcc -c -g -O2  conftest.c >&5
configure:5081: $? = 0
configure:5088: test -z "$ac_c_werror_flag" || test ! -s conftest.err
configure:5091: $? = 0
configure:5098: test -s conftest.o
configure:5101: $? = 0
configure:5114: result: yes
configure:5054: checking for strings.h
configure:5075: arm-none-linux-gnueabi-gcc -c -g -O2  conftest.c >&5
configure:5081: $? = 0
configure:5088: test -z "$ac_c_werror_flag" || test ! -s conftest.err
configure:5091: $? = 0
configure:5098: test -s conftest.o
configure:5101: $? = 0
configure:5114: result: yes
configure:5054: checking for inttypes.h
configure:5075: arm-none-linux-gnueabi-gcc -c -g -O2  conftest.c >&5
configure:5081: $? = 0
configure:5088: test -z "$ac_c_werror_flag" || test ! -s conftest.err
configure:5091: $? = 0
configure:5098: test -s conftest.o
configure:5101: $? = 0
configure:5114: result: yes
configure:5054: checking for stdint.h
configure:5075: arm-none-linux-gnueabi-gcc -c -g -O2  conftest.c >&5
configure:5081: $? = 0
configure:5088: test -z "$ac_c_werror_flag" || test ! -s conftest.err
configure:5091: $? = 0
configure:5098: test -s conftest.o
configure:5101: $? = 0
configure:5114: result: yes
configure:5054: checking for unistd.h
configure:5075: arm-none-linux-gnueabi-gcc -c -g -O2  conftest.c >&5
configure:5081: $? = 0
configure:5088: test -z "$ac_c_werror_flag" || test ! -s conftest.err
configure:5091: $? = 0
configure:5098: test -s conftest.o
configure:5101: $? = 0
configure:5114: result: yes
configure:5141: checking dlfcn.h usability
configure:5158: arm-none-linux-gnueabi-gcc -c -g -O2  conftest.c >&5
configure:5164: $? = 0
configure:5171: test -z "$ac_c_werror_flag" || test ! -s conftest.err
configure:5174: $? = 0
configure:5181: test -s conftest.o
configure:5184: $? = 0
configure:5195: result: yes
configure:5199: checking dlfcn.h presence
configure:5214: arm-none-linux-gnueabi-gcc -E  conftest.c
configure:5220: $? = 0
configure:5241: result: yes
configure:5269: checking for dlfcn.h
configure:5277: result: yes
configure:5304: checking for arm-none-linux-gnueabi-g++
configure:5320: found /home/hp/X3/arm_toolchain/external-toolchain/bin/arm-none-linux-gnueabi-g++
configure:5331: result: arm-none-linux-gnueabi-g++
configure:5406: checking for C++ compiler version
configure:5413: arm-none-linux-gnueabi-g++ --version >&5
arm-none-linux-gnueabi-g++ (Sourcery G++ Lite 2010.09-50) 4.5.1
Copyright (C) 2010 Free Software Foundation, Inc.
This is free software; see the source for copying conditions.  There is NO
warranty; not even for MERCHANTABILITY or FITNESS FOR A PARTICULAR PURPOSE.

configure:5416: $? = 0
configure:5423: arm-none-linux-gnueabi-g++ -v >&5
Using built-in specs.
COLLECT_GCC=arm-none-linux-gnueabi-g++
COLLECT_LTO_WRAPPER=/home/hp/X3/arm_toolchain/external-toolchain/bin/../libexec/gcc/arm-none-linux-gnueabi/4.5.1/lto-wrapper
Target: arm-none-linux-gnueabi
Configured with: /scratch/nathan/arm-lite/src/gcc-4.5-2010.09/configure --build=i686-pc-linux-gnu --host=i686-pc-linux-gnu --target=arm-none-linux-gnueabi --enable-threads --disable-libmudflap --disable-libssp --disable-libstdcxx-pch --enable-extra-sgxxlite-multilibs --with-arch=armv5te --with-gnu-as --with-gnu-ld --with-specs='%{save-temps: -fverbose-asm} %{funwind-tables|fno-unwind-tables|mabi=*|ffreestanding|nostdlib:;:-funwind-tables} -D__CS_SOURCERYGXX_MAJ__=2010 -D__CS_SOURCERYGXX_MIN__=9 -D__CS_SOURCERYGXX_REV__=50 %{O2:%{!fno-remove-local-statics: -fremove-local-statics}} %{O*:%{O|O0|O1|O2|Os:;:%{!fno-remove-local-statics: -fremove-local-statics}}}' --enable-languages=c,c++ --enable-shared --enable-lto --enable-symvers=gnu --enable-__cxa_atexit --with-pkgversion='Sourcery G++ Lite 2010.09-50' --with-bugurl=https://support.codesourcery.com/GNUToolchain/ --disable-nls --prefix=/opt/codesourcery --with-sysroot=/opt/codesourcery/arm-none-linux-gnueabi/libc --with-build-sysroot=/scratch/nathan/arm-lite/install/arm-none-linux-gnueabi/libc --with-gmp=/scratch/nathan/arm-lite/obj/host-libs-2010.09-50-arm-none-linux-gnueabi-i686-pc-linux-gnu/usr --with-mpfr=/scratch/nathan/arm-lite/obj/host-libs-2010.09-50-arm-none-linux-gnueabi-i686-pc-linux-gnu/usr --with-mpc=/scratch/nathan/arm-lite/obj/host-libs-2010.09-50-arm-none-linux-gnueabi-i686-pc-linux-gnu/usr --with-ppl=/scratch/nathan/arm-lite/obj/host-libs-2010.09-50-arm-none-linux-gnueabi-i686-pc-linux-gnu/usr --with-host-libstdcxx='-static-libgcc -Wl,-Bstatic,-lstdc++,-Bdynamic -lm' --with-cloog=/scratch/nathan/arm-lite/obj/host-libs-2010.09-50-arm-none-linux-gnueabi-i686-pc-linux-gnu/usr --with-libelf=/scratch/nathan/arm-lite/obj/host-libs-2010.09-50-arm-none-linux-gnueabi-i686-pc-linux-gnu/usr --disable-libgomp --enable-poison-system-directories --with-build-time-tools=/scratch/nathan/arm-lite/install/arm-none-linux-gnueabi/bin --with-build-time-tools=/scratch/nathan/arm-lite/install/arm-none-linux-gnueabi/bin
Thread model: posix
gcc version 4.5.1 (Sourcery G++ Lite 2010.09-50) 
configure:5426: $? = 0
configure:5433: arm-none-linux-gnueabi-g++ -V >&5
arm-none-linux-gnueabi-g++: '-V' option must have argument
configure:5436: $? = 1
configure:5439: checking whether we are using the GNU C++ compiler
configure:5468: arm-none-linux-gnueabi-g++ -c -O2   conftest.cpp >&5
configure:5474: $? = 0
configure:5481: test -z "$ac_cxx_werror_flag" || test ! -s conftest.err
configure:5484: $? = 0
configure:5491: test -s conftest.o
configure:5494: $? = 0
configure:5508: result: yes
configure:5513: checking whether arm-none-linux-gnueabi-g++ accepts -g
configure:5543: arm-none-linux-gnueabi-g++ -c -g  conftest.cpp >&5
configure:5549: $? = 0
configure:5556: test -z "$ac_cxx_werror_flag" || test ! -s conftest.err
configure:5559: $? = 0
configure:5566: test -s conftest.o
configure:5569: $? = 0
configure:5699: result: yes
configure:5724: checking dependency style of arm-none-linux-gnueabi-g++
configure:5814: result: gcc3
configure:5841: checking how to run the C++ preprocessor
configure:5877: arm-none-linux-gnueabi-g++ -E  conftest.cpp
configure:5883: $? = 0
configure:5921: arm-none-linux-gnueabi-g++ -E  conftest.cpp
conftest.cpp:21:28: fatal error: ac_nonexistent.h: No such file or directory
compilation terminated.
configure:5927: $? = 1
configure: failed program was:
| /* confdefs.h.  */
| #define PACKAGE_NAME ""
| #define PACKAGE_TARNAME ""
| #define PACKAGE_VERSION ""
| #define PACKAGE_STRING ""
| #define PACKAGE_BUGREPORT ""
| #define PACKAGE "jrtplib"
| #define VERSION "3.7.1"
| #define STDC_HEADERS 1
| #define HAVE_SYS_TYPES_H 1
| #define HAVE_SYS_STAT_H 1
| #define HAVE_STDLIB_H 1
| #define HAVE_STRING_H 1
| #define HAVE_MEMORY_H 1
| #define HAVE_STRINGS_H 1
| #define HAVE_INTTYPES_H 1
| #define HAVE_STDINT_H 1
| #define HAVE_UNISTD_H 1
| #define HAVE_DLFCN_H 1
| /* end confdefs.h.  */
| #include <ac_nonexistent.h>
configure:5967: result: arm-none-linux-gnueabi-g++ -E
configure:5996: arm-none-linux-gnueabi-g++ -E  conftest.cpp
configure:6002: $? = 0
configure:6040: arm-none-linux-gnueabi-g++ -E  conftest.cpp
conftest.cpp:21:28: fatal error: ac_nonexistent.h: No such file or directory
compilation terminated.
configure:6046: $? = 1
configure: failed program was:
| /* confdefs.h.  */
| #define PACKAGE_NAME ""
| #define PACKAGE_TARNAME ""
| #define PACKAGE_VERSION ""
| #define PACKAGE_STRING ""
| #define PACKAGE_BUGREPORT ""
| #define PACKAGE "jrtplib"
| #define VERSION "3.7.1"
| #define STDC_HEADERS 1
| #define HAVE_SYS_TYPES_H 1
| #define HAVE_SYS_STAT_H 1
| #define HAVE_STDLIB_H 1
| #define HAVE_STRING_H 1
| #define HAVE_MEMORY_H 1
| #define HAVE_STRINGS_H 1
| #define HAVE_INTTYPES_H 1
| #define HAVE_STDINT_H 1
| #define HAVE_UNISTD_H 1
| #define HAVE_DLFCN_H 1
| /* end confdefs.h.  */
| #include <ac_nonexistent.h>
configure:6102: checking for arm-none-linux-gnueabi-g77
configure:6132: result: no
configure:6102: checking for arm-none-linux-gnueabi-f77
configure:6132: result: no
configure:6102: checking for arm-none-linux-gnueabi-xlf
configure:6132: result: no
configure:6102: checking for arm-none-linux-gnueabi-frt
configure:6132: result: no
configure:6102: checking for arm-none-linux-gnueabi-pgf77
configure:6132: result: no
configure:6102: checking for arm-none-linux-gnueabi-cf77
configure:6132: result: no
configure:6102: checking for arm-none-linux-gnueabi-fort77
configure:6132: result: no
configure:6102: checking for arm-none-linux-gnueabi-fl32
configure:6132: result: no
configure:6102: checking for arm-none-linux-gnueabi-af77
configure:6132: result: no
configure:6102: checking for arm-none-linux-gnueabi-f90
configure:6132: result: no
configure:6102: checking for arm-none-linux-gnueabi-xlf90
configure:6132: result: no
configure:6102: checking for arm-none-linux-gnueabi-pgf90
configure:6132: result: no
configure:6102: checking for arm-none-linux-gnueabi-pghpf
configure:6132: result: no
configure:6102: checking for arm-none-linux-gnueabi-epcf90
configure:6132: result: no
configure:6102: checking for arm-none-linux-gnueabi-gfortran
configure:6132: result: no
configure:6102: checking for arm-none-linux-gnueabi-g95
configure:6132: result: no
configure:6102: checking for arm-none-linux-gnueabi-f95
configure:6132: result: no
configure:6102: checking for arm-none-linux-gnueabi-fort
configure:6132: result: no
configure:6102: checking for arm-none-linux-gnueabi-xlf95
configure:6132: result: no
configure:6102: checking for arm-none-linux-gnueabi-ifort
configure:6132: result: no
configure:6102: checking for arm-none-linux-gnueabi-ifc
configure:6132: result: no
configure:6102: checking for arm-none-linux-gnueabi-efc
configure:6132: result: no
configure:6102: checking for arm-none-linux-gnueabi-pgf95
configure:6132: result: no
configure:6102: checking for arm-none-linux-gnueabi-lf95
configure:6132: result: no
configure:6102: checking for arm-none-linux-gnueabi-ftn
configure:6132: result: no
configure:6146: checking for g77
configure:6176: result: no
configure:6146: checking for f77
configure:6176: result: no
configure:6146: checking for xlf
configure:6176: result: no
configure:6146: checking for frt
configure:6176: result: no
configure:6146: checking for pgf77
configure:6176: result: no
configure:6146: checking for cf77
configure:6176: result: no
configure:6146: checking for fort77
configure:6176: result: no
configure:6146: checking for fl32
configure:6176: result: no
configure:6146: checking for af77
configure:6176: result: no
configure:6146: checking for f90
configure:6176: result: no
configure:6146: checking for xlf90
configure:6176: result: no
configure:6146: checking for pgf90
configure:6176: result: no
configure:6146: checking for pghpf
configure:6176: result: no
configure:6146: checking for epcf90
configure:6176: result: no
configure:6146: checking for gfortran
configure:6176: result: no
configure:6146: checking for g95
configure:6176: result: no
configure:6146: checking for f95
configure:6176: result: no
configure:6146: checking for fort
configure:6176: result: no
configure:6146: checking for xlf95
configure:6176: result: no
configure:6146: checking for ifort
configure:6176: result: no
configure:6146: checking for ifc
configure:6176: result: no
configure:6146: checking for efc
configure:6176: result: no
configure:6146: checking for pgf95
configure:6176: result: no
configure:6146: checking for lf95
configure:6176: result: no
configure:6146: checking for ftn
configure:6176: result: no
configure:6203: checking for Fortran 77 compiler version
configure:6210:  --version >&5
./configure: line 6211: --version: command not found
configure:6213: $? = 127
configure:6220:  -v >&5
./configure: line 6221: -v: command not found
configure:6223: $? = 127
configure:6230:  -V >&5
./configure: line 6231: -V: command not found
configure:6233: $? = 127
configure:6241: checking whether we are using the GNU Fortran 77 compiler
configure:6260:  -c  conftest.F >&5
./configure: line 6261: -c: command not found
configure:6266: $? = 127
configure: failed program was:
|       program main
| #ifndef __GNUC__
|        choke me
| #endif
| 
|       end
configure:6300: result: no
configure:6306: checking whether  accepts -g
configure:6323:  -c -g conftest.f >&5
./configure: line 6324: -c: command not found
configure:6329: $? = 127
configure: failed program was:
|       program main
| 
|       end
configure:6362: result: no
configure:6392: checking the maximum length of command line arguments
configure:6501: result: 32768
configure:6512: checking command to parse /home/hp/X3/arm_toolchain/external-toolchain/bin/arm-none-linux-gnueabi-nm -B output from arm-none-linux-gnueabi-gcc object
configure:6617: arm-none-linux-gnueabi-g++ -c -O2   conftest.cpp >&5
configure:6620: $? = 0
configure:6624: /home/hp/X3/arm_toolchain/external-toolchain/bin/arm-none-linux-gnueabi-nm -B conftest.o \| sed -n -e 's/^.*[ 	]\([ABCDGIRSTW][ABCDGIRSTW]*\)[ 	][ 	]*\([_A-Za-z][_A-Za-z0-9]*\)$/\1 \2 \2/p' \> conftest.nm
configure:6627: $? = 0
configure:6679: arm-none-linux-gnueabi-g++ -o conftest -O2   -L/home/zzy/src/jrtplib/src/jthread-1.2.1/_install/lib conftest.cpp conftstm.o >&5
configure:6682: $? = 0
configure:6720: result: ok
configure:6724: checking for objdir
configure:6739: result: .libs
configure:6791: checking for arm-none-linux-gnueabi-ar
configure:6807: found /home/hp/X3/arm_toolchain/external-toolchain/bin/arm-none-linux-gnueabi-ar
configure:6818: result: arm-none-linux-gnueabi-ar
configure:6887: checking for arm-none-linux-gnueabi-ranlib
configure:6903: found /home/hp/X3/arm_toolchain/external-toolchain/bin/arm-none-linux-gnueabi-ranlib
configure:6914: result: arm-none-linux-gnueabi-ranlib
configure:6983: checking for arm-none-linux-gnueabi-strip
configure:7010: result: arm-none-linux-gnueabi-strip
configure:7336: checking if arm-none-linux-gnueabi-gcc supports -fno-rtti -fno-exceptions
configure:7354: arm-none-linux-gnueabi-gcc -c -g -O2  -fno-rtti -fno-exceptions conftest.c >&5
cc1: warning: command line option "-fno-rtti" is valid for C++/ObjC++ but not for C
configure:7358: $? = 0
configure:7371: result: no
configure:7386: checking for arm-none-linux-gnueabi-gcc option to produce PIC
configure:7596: result: -fPIC
configure:7604: checking if arm-none-linux-gnueabi-gcc PIC flag -fPIC works
configure:7622: arm-none-linux-gnueabi-gcc -c -g -O2  -fPIC -DPIC conftest.c >&5
configure:7626: $? = 0
configure:7639: result: yes
configure:7667: checking if arm-none-linux-gnueabi-gcc static flag -static works
configure:7695: result: yes
configure:7705: checking if arm-none-linux-gnueabi-gcc supports -c -o file.o
configure:7726: arm-none-linux-gnueabi-gcc -c -g -O2  -o out/conftest2.o conftest.c >&5
configure:7730: $? = 0
configure:7752: result: yes
configure:7778: checking whether the arm-none-linux-gnueabi-gcc linker (/home/hp/X3/arm_toolchain/external-toolchain/arm-none-linux-gnueabi/bin/ld) supports shared libraries
configure:8764: result: yes
configure:8785: checking whether -lc should be explicitly linked in
configure:8790: arm-none-linux-gnueabi-gcc -c -g -O2  conftest.c >&5
configure:8793: $? = 0
configure:8808: arm-none-linux-gnueabi-gcc -shared conftest.o  -v -Wl,-soname -Wl,conftest -o conftest 2\>\&1 \| grep  -lc  \>/dev/null 2\>\&1
configure:8811: $? = 0
configure:8823: result: no
configure:8831: checking dynamic linker characteristics
configure:9419: result: GNU/Linux ld.so
configure:9428: checking how to hardcode library paths into programs
configure:9453: result: immediate
configure:9467: checking whether stripping libraries is possible
configure:9472: result: yes
configure:10385: checking if libtool supports shared libraries
configure:10387: result: yes
configure:10390: checking whether to build shared libraries
configure:10411: result: yes
configure:10414: checking whether to build static libraries
configure:10418: result: yes
configure:10510: creating libtool
configure:11098: checking for ld used by arm-none-linux-gnueabi-g++
configure:11165: result: /home/hp/X3/arm_toolchain/external-toolchain/arm-none-linux-gnueabi/bin/ld
configure:11174: checking if the linker (/home/hp/X3/arm_toolchain/external-toolchain/arm-none-linux-gnueabi/bin/ld) is GNU ld
configure:11189: result: yes
configure:11240: checking whether the arm-none-linux-gnueabi-g++ linker (/home/hp/X3/arm_toolchain/external-toolchain/arm-none-linux-gnueabi/bin/ld) supports shared libraries
configure:12206: result: yes
configure:12224: arm-none-linux-gnueabi-g++ -c -O2   conftest.cpp >&5
configure:12227: $? = 0
configure:12346: checking for arm-none-linux-gnueabi-g++ option to produce PIC
configure:12620: result: -fPIC
configure:12628: checking if arm-none-linux-gnueabi-g++ PIC flag -fPIC works
configure:12646: arm-none-linux-gnueabi-g++ -c -O2   -fPIC -DPIC conftest.cpp >&5
configure:12650: $? = 0
configure:12663: result: yes
configure:12691: checking if arm-none-linux-gnueabi-g++ static flag -static works
configure:12719: result: yes
configure:12729: checking if arm-none-linux-gnueabi-g++ supports -c -o file.o
configure:12750: arm-none-linux-gnueabi-g++ -c -O2   -o out/conftest2.o conftest.cpp >&5
configure:12754: $? = 0
configure:12776: result: yes
configure:12802: checking whether the arm-none-linux-gnueabi-g++ linker (/home/hp/X3/arm_toolchain/external-toolchain/arm-none-linux-gnueabi/bin/ld) supports shared libraries
configure:12827: result: yes
configure:12894: checking dynamic linker characteristics
configure:13482: result: GNU/Linux ld.so
configure:13491: checking how to hardcode library paths into programs
configure:13516: result: immediate
configure:19820: checking for JThread include files
configure:19827: result: in "/home/zzy/src/jrtplib/src/jthread-1.2.1/_install/include/jthread"
configure:19829: checking JThread version
configure:19846: arm-none-linux-gnueabi-g++ -c -O2   conftest.cpp >&5
configure:19852: $? = 0
configure:19859: test -z "$ac_cxx_werror_flag" || test ! -s conftest.err
configure:19862: $? = 0
configure:19869: test -s conftest.o
configure:19872: $? = 0
configure:19878: result: >= 1.1.0
configure:19985: checking if we can link against jthread and pthread
configure:19998: arm-none-linux-gnueabi-g++ -o conftest -O2   -L/home/zzy/src/jrtplib/src/jthread-1.2.1/_install/lib -ljthread -lpthread conftest.cpp  >&5
configure:20004: $? = 0
configure:20011: test -z "$ac_cxx_werror_flag" || test ! -s conftest.err
configure:20014: $? = 0
configure:20021: test -s conftest
configure:20024: $? = 0
configure:20027: result: yes
configure:20054: checking sys/filio.h usability
configure:20071: arm-none-linux-gnueabi-g++ -c -O2   conftest.cpp >&5
conftest.cpp:54:23: fatal error: sys/filio.h: No such file or directory
compilation terminated.
configure:20077: $? = 1
configure: failed program was:
| /* confdefs.h.  */
| #define PACKAGE_NAME ""
| #define PACKAGE_TARNAME ""
| #define PACKAGE_VERSION ""
| #define PACKAGE_STRING ""
| #define PACKAGE_BUGREPORT ""
| #define PACKAGE "jrtplib"
| #define VERSION "3.7.1"
| #define STDC_HEADERS 1
| #define HAVE_SYS_TYPES_H 1
| #define HAVE_SYS_STAT_H 1
| #define HAVE_STDLIB_H 1
| #define HAVE_STRING_H 1
| #define HAVE_MEMORY_H 1
| #define HAVE_STRINGS_H 1
| #define HAVE_INTTYPES_H 1
| #define HAVE_STDINT_H 1
| #define HAVE_UNISTD_H 1
| #define HAVE_DLFCN_H 1
| /* end confdefs.h.  */
| #include <stdio.h>
| #if HAVE_SYS_TYPES_H
| # include <sys/types.h>
| #endif
| #if HAVE_SYS_STAT_H
| # include <sys/stat.h>
| #endif
| #if STDC_HEADERS
| # include <stdlib.h>
| # include <stddef.h>
| #else
| # if HAVE_STDLIB_H
| #  include <stdlib.h>
| # endif
| #endif
| #if HAVE_STRING_H
| # if !STDC_HEADERS && HAVE_MEMORY_H
| #  include <memory.h>
| # endif
| # include <string.h>
| #endif
| #if HAVE_STRINGS_H
| # include <strings.h>
| #endif
| #if HAVE_INTTYPES_H
| # include <inttypes.h>
| #endif
| #if HAVE_STDINT_H
| # include <stdint.h>
| #endif
| #if HAVE_UNISTD_H
| # include <unistd.h>
| #endif
| #include <sys/filio.h>
configure:20108: result: no
configure:20112: checking sys/filio.h presence
configure:20127: arm-none-linux-gnueabi-g++ -E  conftest.cpp
conftest.cpp:21:23: fatal error: sys/filio.h: No such file or directory
compilation terminated.
configure:20133: $? = 1
configure: failed program was:
| /* confdefs.h.  */
| #define PACKAGE_NAME ""
| #define PACKAGE_TARNAME ""
| #define PACKAGE_VERSION ""
| #define PACKAGE_STRING ""
| #define PACKAGE_BUGREPORT ""
| #define PACKAGE "jrtplib"
| #define VERSION "3.7.1"
| #define STDC_HEADERS 1
| #define HAVE_SYS_TYPES_H 1
| #define HAVE_SYS_STAT_H 1
| #define HAVE_STDLIB_H 1
| #define HAVE_STRING_H 1
| #define HAVE_MEMORY_H 1
| #define HAVE_STRINGS_H 1
| #define HAVE_INTTYPES_H 1
| #define HAVE_STDINT_H 1
| #define HAVE_UNISTD_H 1
| #define HAVE_DLFCN_H 1
| /* end confdefs.h.  */
| #include <sys/filio.h>
configure:20154: result: no
configure:20182: checking for sys/filio.h
configure:20189: result: no
configure:20210: checking sys/sockio.h usability
configure:20227: arm-none-linux-gnueabi-g++ -c -O2   conftest.cpp >&5
conftest.cpp:54:24: fatal error: sys/sockio.h: No such file or directory
compilation terminated.
configure:20233: $? = 1
configure: failed program was:
| /* confdefs.h.  */
| #define PACKAGE_NAME ""
| #define PACKAGE_TARNAME ""
| #define PACKAGE_VERSION ""
| #define PACKAGE_STRING ""
| #define PACKAGE_BUGREPORT ""
| #define PACKAGE "jrtplib"
| #define VERSION "3.7.1"
| #define STDC_HEADERS 1
| #define HAVE_SYS_TYPES_H 1
| #define HAVE_SYS_STAT_H 1
| #define HAVE_STDLIB_H 1
| #define HAVE_STRING_H 1
| #define HAVE_MEMORY_H 1
| #define HAVE_STRINGS_H 1
| #define HAVE_INTTYPES_H 1
| #define HAVE_STDINT_H 1
| #define HAVE_UNISTD_H 1
| #define HAVE_DLFCN_H 1
| /* end confdefs.h.  */
| #include <stdio.h>
| #if HAVE_SYS_TYPES_H
| # include <sys/types.h>
| #endif
| #if HAVE_SYS_STAT_H
| # include <sys/stat.h>
| #endif
| #if STDC_HEADERS
| # include <stdlib.h>
| # include <stddef.h>
| #else
| # if HAVE_STDLIB_H
| #  include <stdlib.h>
| # endif
| #endif
| #if HAVE_STRING_H
| # if !STDC_HEADERS && HAVE_MEMORY_H
| #  include <memory.h>
| # endif
| # include <string.h>
| #endif
| #if HAVE_STRINGS_H
| # include <strings.h>
| #endif
| #if HAVE_INTTYPES_H
| # include <inttypes.h>
| #endif
| #if HAVE_STDINT_H
| # include <stdint.h>
| #endif
| #if HAVE_UNISTD_H
| # include <unistd.h>
| #endif
| #include <sys/sockio.h>
configure:20264: result: no
configure:20268: checking sys/sockio.h presence
configure:20283: arm-none-linux-gnueabi-g++ -E  conftest.cpp
conftest.cpp:21:24: fatal error: sys/sockio.h: No such file or directory
compilation terminated.
configure:20289: $? = 1
configure: failed program was:
| /* confdefs.h.  */
| #define PACKAGE_NAME ""
| #define PACKAGE_TARNAME ""
| #define PACKAGE_VERSION ""
| #define PACKAGE_STRING ""
| #define PACKAGE_BUGREPORT ""
| #define PACKAGE "jrtplib"
| #define VERSION "3.7.1"
| #define STDC_HEADERS 1
| #define HAVE_SYS_TYPES_H 1
| #define HAVE_SYS_STAT_H 1
| #define HAVE_STDLIB_H 1
| #define HAVE_STRING_H 1
| #define HAVE_MEMORY_H 1
| #define HAVE_STRINGS_H 1
| #define HAVE_INTTYPES_H 1
| #define HAVE_STDINT_H 1
| #define HAVE_UNISTD_H 1
| #define HAVE_DLFCN_H 1
| /* end confdefs.h.  */
| #include <sys/sockio.h>
configure:20310: result: no
configure:20338: checking for sys/sockio.h
configure:20345: result: no
configure:20667: checking if compiler supports -Werror -Wall
configure:20692: arm-none-linux-gnueabi-g++ -c -O2  -Werror -Wall  conftest.cpp >&5
configure:20698: $? = 0
configure:20705: test -z "$ac_cxx_werror_flag" || test ! -s conftest.err
configure:20708: $? = 0
configure:20715: test -s conftest.o
configure:20718: $? = 0
configure:20720: result: yes
configure:20735: checking last argument of getsockname
configure:20762: arm-none-linux-gnueabi-g++ -c -O2  -Werror -Wall  conftest.cpp >&5
conftest.cpp: In function 'int main()':
conftest.cpp:29:31: error: invalid conversion from 'int*' to 'socklen_t*'
conftest.cpp:29:31: error:   initializing argument 3 of 'int getsockname(int, sockaddr*, socklen_t*)'
configure:20768: $? = 1
configure: failed program was:
| /* confdefs.h.  */
| #define PACKAGE_NAME ""
| #define PACKAGE_TARNAME ""
| #define PACKAGE_VERSION ""
| #define PACKAGE_STRING ""
| #define PACKAGE_BUGREPORT ""
| #define PACKAGE "jrtplib"
| #define VERSION "3.7.1"
| #define STDC_HEADERS 1
| #define HAVE_SYS_TYPES_H 1
| #define HAVE_SYS_STAT_H 1
| #define HAVE_STDLIB_H 1
| #define HAVE_STRING_H 1
| #define HAVE_MEMORY_H 1
| #define HAVE_STRINGS_H 1
| #define HAVE_INTTYPES_H 1
| #define HAVE_STDINT_H 1
| #define HAVE_UNISTD_H 1
| #define HAVE_DLFCN_H 1
| /* end confdefs.h.  */
| #include <sys/types.h>
| 	#include <sys/socket.h>
| int
| main ()
| {
| int param;
| 	int sock = 0;
| 	struct sockaddr addr;
| 	getsockname(sock,&addr,&param);
|   ;
|   return 0;
| }
configure:20797: result: unsigned int
configure:20808: checking if necessary options for IPv4 multicasting are available
configure:20840: arm-none-linux-gnueabi-g++ -c -O2   conftest.cpp >&5
configure:20846: $? = 0
configure:20853: test -z "$ac_cxx_werror_flag" || test ! -s conftest.err
configure:20856: $? = 0
configure:20863: test -s conftest.o
configure:20866: $? = 0
configure:20869: result: yes
configure:20883: checking if struct sockaddr has sa_len member
configure:20910: arm-none-linux-gnueabi-g++ -c -O2   conftest.cpp >&5
conftest.cpp: In function 'int main()':
conftest.cpp:29:5: error: 'struct sockaddr' has no member named 'sa_len'
configure:20916: $? = 1
configure: failed program was:
| /* confdefs.h.  */
| #define PACKAGE_NAME ""
| #define PACKAGE_TARNAME ""
| #define PACKAGE_VERSION ""
| #define PACKAGE_STRING ""
| #define PACKAGE_BUGREPORT ""
| #define PACKAGE "jrtplib"
| #define VERSION "3.7.1"
| #define STDC_HEADERS 1
| #define HAVE_SYS_TYPES_H 1
| #define HAVE_SYS_STAT_H 1
| #define HAVE_STDLIB_H 1
| #define HAVE_STRING_H 1
| #define HAVE_MEMORY_H 1
| #define HAVE_STRINGS_H 1
| #define HAVE_INTTYPES_H 1
| #define HAVE_STDINT_H 1
| #define HAVE_UNISTD_H 1
| #define HAVE_DLFCN_H 1
| /* end confdefs.h.  */
| 
| 	#include <sys/types.h>
| 	#include <sys/socket.h>
| int
| main ()
| {
| 
| 	struct sockaddr sa;
| 	sa.sa_len = 0;
|   ;
|   return 0;
| }
configure:20946: result: no
configure:20953: checking if compiler can compile programs with STL
configure:20978: arm-none-linux-gnueabi-g++ -c -O2   conftest.cpp >&5
configure:20984: $? = 0
configure:20991: test -z "$ac_cxx_werror_flag" || test ! -s conftest.err
configure:20994: $? = 0
configure:21001: test -s conftest.o
configure:21004: $? = 0
configure:21006: result: yes
configure:21090: checking if types like uint32_t exist
configure:21116: arm-none-linux-gnueabi-g++ -c -O2   conftest.cpp >&5
configure:21122: $? = 0
configure:21129: test -z "$ac_cxx_werror_flag" || test ! -s conftest.err
configure:21132: $? = 0
configure:21139: test -s conftest.o
configure:21142: $? = 0
configure:21144: result: yes
configure:21172: checking for drand48_r and srand48_r
configure:21193: arm-none-linux-gnueabi-g++ -c -O2   conftest.cpp >&5
configure:21199: $? = 0
configure:21206: test -z "$ac_cxx_werror_flag" || test ! -s conftest.err
configure:21209: $? = 0
configure:21216: test -s conftest.o
configure:21219: $? = 0
configure:21221: result: yes
configure:21297: checking for getlogin_r
configure:21316: arm-none-linux-gnueabi-g++ -c -O2   conftest.cpp >&5
configure:21322: $? = 0
configure:21329: test -z "$ac_cxx_werror_flag" || test ! -s conftest.err
configure:21332: $? = 0
configure:21339: test -s conftest.o
configure:21342: $? = 0
configure:21344: result: yes
configure:21534: checking ifaddrs.h usability
configure:21551: arm-none-linux-gnueabi-g++ -c -O2   conftest.cpp >&5
configure:21557: $? = 0
configure:21564: test -z "$ac_cxx_werror_flag" || test ! -s conftest.err
configure:21567: $? = 0
configure:21574: test -s conftest.o
configure:21577: $? = 0
configure:21588: result: yes
configure:21592: checking ifaddrs.h presence
configure:21607: arm-none-linux-gnueabi-g++ -E  conftest.cpp
configure:21613: $? = 0
configure:21634: result: yes
configure:21662: checking for ifaddrs.h
configure:21669: result: yes
configure:21853: creating ./config.status

## ---------------------- ##
## Running config.status. ##
## ---------------------- ##

This file was extended by config.status, which was
generated by GNU Autoconf 2.60.  Invocation command line was

  CONFIG_FILES    = 
  CONFIG_HEADERS  = 
  CONFIG_LINKS    = 
  CONFIG_COMMANDS = 
  $ ./config.status 

on ubuntu

config.status:657: creating Makefile
config.status:657: creating src/Makefile
config.status:657: creating src/rtpconfig_unix.h
config.status:657: creating doc/Makefile
config.status:657: creating tools/Makefile
config.status:657: creating examples/Makefile
config.status:657: creating pkgconfig/Makefile
config.status:657: creating pkgconfig/jrtplib.pc
config.status:657: creating pkgconfig/jrtplib-uninstalled.pc
config.status:842: executing depfiles commands

## ---------------- ##
## Cache variables. ##
## ---------------- ##

ac_cv_build=x86_64-unknown-linux-gnu
ac_cv_c_compiler_gnu=yes
ac_cv_cxx_compiler_gnu=yes
ac_cv_env_CCC_set=
ac_cv_env_CCC_value=
ac_cv_env_CC_set=
ac_cv_env_CC_value=
ac_cv_env_CFLAGS_set=
ac_cv_env_CFLAGS_value=
ac_cv_env_CPPFLAGS_set=
ac_cv_env_CPPFLAGS_value=
ac_cv_env_CPP_set=
ac_cv_env_CPP_value=
ac_cv_env_CXXCPP_set=
ac_cv_env_CXXCPP_value=
ac_cv_env_CXXFLAGS_set=
ac_cv_env_CXXFLAGS_value=
ac_cv_env_CXX_set=
ac_cv_env_CXX_value=
ac_cv_env_F77_set=
ac_cv_env_F77_value=
ac_cv_env_FFLAGS_set=
ac_cv_env_FFLAGS_value=
ac_cv_env_LDFLAGS_set=set
ac_cv_env_LDFLAGS_value=-L/home/zzy/src/jrtplib/src/jthread-1.2.1/_install/lib
ac_cv_env_build_alias_set=
ac_cv_env_build_alias_value=
ac_cv_env_host_alias_set=set
ac_cv_env_host_alias_value=arm-none-linux-gnueabi
ac_cv_env_target_alias_set=
ac_cv_env_target_alias_value=
ac_cv_f77_compiler_gnu=no
ac_cv_header_dlfcn_h=yes
ac_cv_header_ifaddrs_h=yes
ac_cv_header_inttypes_h=yes
ac_cv_header_memory_h=yes
ac_cv_header_stdc=yes
ac_cv_header_stdint_h=yes
ac_cv_header_stdlib_h=yes
ac_cv_header_string_h=yes
ac_cv_header_strings_h=yes
ac_cv_header_sys_filio_h=no
ac_cv_header_sys_sockio_h=no
ac_cv_header_sys_stat_h=yes
ac_cv_header_sys_types_h=yes
ac_cv_header_unistd_h=yes
ac_cv_host=arm-none-linux-gnueabi
ac_cv_objext=o
ac_cv_path_EGREP='/bin/grep -E'
ac_cv_path_GREP=/bin/grep
ac_cv_path_install='/usr/bin/install -c'
ac_cv_prog_AR=arm-none-linux-gnueabi-ar
ac_cv_prog_AWK=gawk
ac_cv_prog_CC=arm-none-linux-gnueabi-gcc
ac_cv_prog_CPP='arm-none-linux-gnueabi-gcc -E'
ac_cv_prog_CXX=arm-none-linux-gnueabi-g++
ac_cv_prog_CXXCPP='arm-none-linux-gnueabi-g++ -E'
ac_cv_prog_RANLIB=arm-none-linux-gnueabi-ranlib
ac_cv_prog_STRIP=arm-none-linux-gnueabi-strip
ac_cv_prog_cc_c89=
ac_cv_prog_cc_g=yes
ac_cv_prog_cxx_g=yes
ac_cv_prog_f77_g=no
ac_cv_prog_make_make_set=yes
am_cv_CC_dependencies_compiler_type=gcc3
am_cv_CXX_dependencies_compiler_type=gcc3
lt_cv_deplibs_check_method=pass_all
lt_cv_file_magic_cmd='$MAGIC_CMD'
lt_cv_file_magic_test_file=
lt_cv_ld_reload_flag=-r
lt_cv_objdir=.libs
lt_cv_path_LD=/home/hp/X3/arm_toolchain/external-toolchain/arm-none-linux-gnueabi/bin/ld
lt_cv_path_LDCXX=/home/hp/X3/arm_toolchain/external-toolchain/arm-none-linux-gnueabi/bin/ld
lt_cv_path_NM='/home/hp/X3/arm_toolchain/external-toolchain/bin/arm-none-linux-gnueabi-nm -B'
lt_cv_path_SED=/bin/sed
lt_cv_prog_compiler_c_o=yes
lt_cv_prog_compiler_c_o_CXX=yes
lt_cv_prog_compiler_rtti_exceptions=no
lt_cv_prog_gnu_ld=yes
lt_cv_prog_gnu_ldcxx=yes
lt_cv_sys_global_symbol_pipe='sed -n -e '\''s/^.*[ 	]\([ABCDGIRSTW][ABCDGIRSTW]*\)[ 	][ 	]*\([_A-Za-z][_A-Za-z0-9]*\)$/\1 \2 \2/p'\'''
lt_cv_sys_global_symbol_to_c_name_address='sed -n -e '\''s/^: \([^ ]*\) $/  {\"\1\", (lt_ptr) 0},/p'\'' -e '\''s/^[BCDEGRST] \([^ ]*\) \([^ ]*\)$/  {"\2", (lt_ptr) \&\2},/p'\'''
lt_cv_sys_global_symbol_to_cdecl='sed -n -e '\''s/^. .* \(.*\)$/extern int \1;/p'\'''
lt_cv_sys_max_cmd_len=32768
lt_lt_cv_prog_compiler_c_o='"yes"'
lt_lt_cv_prog_compiler_c_o_CXX='"yes"'
lt_lt_cv_sys_global_symbol_pipe='"sed -n -e '\''s/^.*[ 	]\\([ABCDGIRSTW][ABCDGIRSTW]*\\)[ 	][ 	]*\\([_A-Za-z][_A-Za-z0-9]*\\)\$/\\1 \\2 \\2/p'\''"'
lt_lt_cv_sys_global_symbol_to_c_name_address='"sed -n -e '\''s/^: \\([^ ]*\\) \$/  {\\\"\\1\\\", (lt_ptr) 0},/p'\'' -e '\''s/^[BCDEGRST] \\([^ ]*\\) \\([^ ]*\\)\$/  {\"\\2\", (lt_ptr) \\&\\2},/p'\''"'
lt_lt_cv_sys_global_symbol_to_cdecl='"sed -n -e '\''s/^. .* \\(.*\\)\$/extern int \\1;/p'\''"'

## ----------------- ##
## Output variables. ##
## ----------------- ##

ACLOCAL='${SHELL} /home/zzy/src/jrtplib/src/jrtplib-3.7.1/missing --run aclocal-1.9'
AMDEPBACKSLASH='\'
AMDEP_FALSE='#'
AMDEP_TRUE=''
AMTAR='${SHELL} /home/zzy/src/jrtplib/src/jrtplib-3.7.1/missing --run tar'
AR='arm-none-linux-gnueabi-ar'
AUTOCONF='${SHELL} /home/zzy/src/jrtplib/src/jrtplib-3.7.1/missing --run autoconf'
AUTOHEADER='${SHELL} /home/zzy/src/jrtplib/src/jrtplib-3.7.1/missing --run autoheader'
AUTOMAKE='${SHELL} /home/zzy/src/jrtplib/src/jrtplib-3.7.1/missing --run automake-1.9'
AWK='gawk'
CC='arm-none-linux-gnueabi-gcc'
CCDEPMODE='depmode=gcc3'
CFLAGS='-g -O2'
CPP='arm-none-linux-gnueabi-gcc -E'
CPPFLAGS=''
CXX='arm-none-linux-gnueabi-g++'
CXXCPP='arm-none-linux-gnueabi-g++ -E'
CXXDEPMODE='depmode=gcc3'
CXXFLAGS='-O2 '
CYGPATH_W='echo'
DEFS='-DPACKAGE_NAME=\"\" -DPACKAGE_TARNAME=\"\" -DPACKAGE_VERSION=\"\" -DPACKAGE_STRING=\"\" -DPACKAGE_BUGREPORT=\"\" -DPACKAGE=\"jrtplib\" -DVERSION=\"3.7.1\" -DSTDC_HEADERS=1 -DHAVE_SYS_TYPES_H=1 -DHAVE_SYS_STAT_H=1 -DHAVE_STDLIB_H=1 -DHAVE_STRING_H=1 -DHAVE_MEMORY_H=1 -DHAVE_STRINGS_H=1 -DHAVE_INTTYPES_H=1 -DHAVE_STDINT_H=1 -DHAVE_UNISTD_H=1 -DHAVE_DLFCN_H=1'
DEPDIR='.deps'
ECHO='echo'
ECHO_C=''
ECHO_N='-n'
ECHO_T=''
EGREP='/bin/grep -E'
EXEEXT=''
F77=''
FFLAGS=''
GREP='/bin/grep'
INSTALL_DATA='${INSTALL} -m 644'
INSTALL_PROGRAM='${INSTALL}'
INSTALL_SCRIPT='${INSTALL}'
INSTALL_STRIP_PROGRAM='${SHELL} $(install_sh) -c -s'
LDFLAGS='-L/home/zzy/src/jrtplib/src/jthread-1.2.1/_install/lib'
LIBOBJS=''
LIBS=''
LIBTOOL='$(SHELL) $(top_builddir)/libtool'
LN_S='ln -s'
LTLIBOBJS=''
MAKEINFO='${SHELL} /home/zzy/src/jrtplib/src/jrtplib-3.7.1/missing --run makeinfo'
OBJEXT='o'
PACKAGE='jrtplib'
PACKAGE_BUGREPORT=''
PACKAGE_NAME=''
PACKAGE_STRING=''
PACKAGE_TARNAME=''
PACKAGE_VERSION=''
PATH_SEPARATOR=':'
RANLIB='arm-none-linux-gnueabi-ranlib'
RTP_ENDIAN='#define RTP_BIG_ENDIAN // comment this if the target is a little endian system'
RTP_FILIO='// Don'\''t have <sys/filio.h>'
RTP_HAVE_SOCKADDR_LEN='// No sa_len member in struct sockaddr'
RTP_JTHREADINCLUDES='-I /home/zzy/src/jrtplib/src/jthread-1.2.1/_install/include/jthread'
RTP_LINKLIBS=' -ljthread -lpthread'
RTP_SOCKIO='// Don'\''t have <sys/sockio.h>'
RTP_SOCKLENTYPE_UINT='#define RTP_SOCKLENTYPE_UINT'
RTP_SUPPORT_GETLOGINR='#define RTP_SUPPORT_GETLOGINR'
RTP_SUPPORT_GNUDRAND='#define RTP_SUPPORT_GNUDRAND'
RTP_SUPPORT_IFADDRS='#define RTP_SUPPORT_IFADDRS'
RTP_SUPPORT_INLINETEMPLATEPARAM=''
RTP_SUPPORT_IPV4MULTICAST='#define RTP_SUPPORT_IPV4MULTICAST'
RTP_SUPPORT_IPV6='// No IPv6 support'
RTP_SUPPORT_IPV6MULTICAST='// No IPv6 multicasting support'
RTP_SUPPORT_MEMORYMANAGEMENT='#define RTP_SUPPORT_MEMORYMANAGEMENT'
RTP_SUPPORT_PROBATION='#define RTP_SUPPORT_PROBATION'
RTP_SUPPORT_RANDR='// Not using rand_r'
RTP_SUPPORT_SDESPRIV='#define RTP_SUPPORT_SDESPRIV'
RTP_SUPPORT_SENDAPP='#define RTP_SUPPORT_SENDAPP'
RTP_SUPPORT_THREAD='#define RTP_SUPPORT_THREAD'
SET_MAKE=''
SHELL='/bin/bash'
STRIP='arm-none-linux-gnueabi-strip'
VERSION='3.7.1'
ac_ct_CC=''
ac_ct_CXX=''
ac_ct_F77=''
am__fastdepCC_FALSE='#'
am__fastdepCC_TRUE=''
am__fastdepCXX_FALSE='#'
am__fastdepCXX_TRUE=''
am__include='include'
am__leading_dot='.'
am__quote=''
am__tar='${AMTAR} chof - "$$tardir"'
am__untar='${AMTAR} xf -'
bindir='${exec_prefix}/bin'
build='x86_64-unknown-linux-gnu'
build_alias=''
build_cpu='x86_64'
build_os='linux-gnu'
build_vendor='unknown'
datadir='${datarootdir}'
datarootdir='${prefix}/share'
docdir='${datarootdir}/doc/${PACKAGE}'
dvidir='${docdir}'
exec_prefix='${prefix}'
host='arm-none-linux-gnueabi'
host_alias='arm-none-linux-gnueabi'
host_cpu='arm'
host_os='linux-gnueabi'
host_vendor='none'
htmldir='${docdir}'
includedir='${prefix}/include'
infodir='${datarootdir}/info'
install_sh='/home/zzy/src/jrtplib/src/jrtplib-3.7.1/install-sh'
libdir='/home/zzy/src/jrtplib/src/jthread-1.2.1/_install/lib'
libexecdir='${exec_prefix}/libexec'
localedir='${datarootdir}/locale'
localstatedir='${prefix}/var'
mandir='${datarootdir}/man'
mkdir_p='mkdir -p --'
oldincludedir='/usr/include'
pdfdir='${docdir}'
prefix='/home/zzy/src/jrtplib/src/jrtplib-3.7.1/_install'
program_transform_name='s,x,x,'
psdir='${docdir}'
sbindir='${exec_prefix}/sbin'
sharedstatedir='${prefix}/com'
sysconfdir='${prefix}/etc'
target_alias=''

## ----------- ##
## confdefs.h. ##
## ----------- ##

#define PACKAGE_NAME ""
#define PACKAGE_TARNAME ""
#define PACKAGE_VERSION ""
#define PACKAGE_STRING ""
#define PACKAGE_BUGREPORT ""
#define PACKAGE "jrtplib"
#define VERSION "3.7.1"
#define STDC_HEADERS 1
#define HAVE_SYS_TYPES_H 1
#define HAVE_SYS_STAT_H 1
#define HAVE_STDLIB_H 1
#define HAVE_STRING_H 1
#define HAVE_MEMORY_H 1
#define HAVE_STRINGS_H 1
#define HAVE_INTTYPES_H 1
#define HAVE_STDINT_H 1
#define HAVE_UNISTD_H 1
#define HAVE_DLFCN_H 1

configure: exit 0

## ---------------------- ##
## Running config.status. ##
## ---------------------- ##

This file was extended by config.status, which was
generated by GNU Autoconf 2.60.  Invocation command line was

  CONFIG_FILES    = 
  CONFIG_HEADERS  = 
  CONFIG_LINKS    = 
  CONFIG_COMMANDS = 
  $ ./config.status pkgconfig/jrtplib.pc

on ubuntu

config.status:657: creating pkgconfig/jrtplib.pc

## ---------------------- ##
## Running config.status. ##
## ---------------------- ##

This file was extended by config.status, which was
generated by GNU Autoconf 2.60.  Invocation command line was

  CONFIG_FILES    = 
  CONFIG_HEADERS  = 
  CONFIG_LINKS    = 
  CONFIG_COMMANDS = 
  $ ./config.status pkgconfig/jrtplib-uninstalled.pc

on ubuntu

config.status:657: creating pkgconfig/jrtplib-uninstalled.pc

## ---------------------- ##
## Running config.status. ##
## ---------------------- ##

This file was extended by config.status, which was
generated by GNU Autoconf 2.60.  Invocation command line was

  CONFIG_FILES    = 
  CONFIG_HEADERS  = 
  CONFIG_LINKS    = 
  CONFIG_COMMANDS = 
  $ ./config.status pkgconfig/jrtplib.pc

on ubuntu

config.status:657: creating pkgconfig/jrtplib.pc

## ---------------------- ##
## Running config.status. ##
## ---------------------- ##

This file was extended by config.status, which was
generated by GNU Autoconf 2.60.  Invocation command line was

  CONFIG_FILES    = 
  CONFIG_HEADERS  = 
  CONFIG_LINKS    = 
  CONFIG_COMMANDS = 
  $ ./config.status pkgconfig/jrtplib-uninstalled.pc

on ubuntu

config.status:657: creating pkgconfig/jrtplib-uninstalled.pc
